[38;5;112m[Appium][0m Welcome to Appium v2.11.5
[38;5;112m[Appium][0m Non-default server args:
[38;5;112m[Appium][0m { basePath: [32m'/wd/hub'[39m, loglevel: [32m'info'[39m, port: [33m56877[39m }
[38;5;112m[Appium][0m Attempting to load driver uiautomator2...
[38;5;112m[Appium][0m Appium REST http interface listener started on http://0.0.0.0:56877/wd/hub
[38;5;112m[Appium][0m You can provide the following URLs in your client code to connect to this server:
	http://192.168.1.3:56877/wd/hub
	http://127.0.0.1:56877/wd/hub (only accessible from the same host)
[38;5;112m[Appium][0m Available drivers:
[38;5;112m[Appium][0m   - uiautomator2@2.45.1 (automationName 'UiAutomator2')
[38;5;112m[Appium][0m No plugins have been installed. Use the "appium plugin" command to install the one(s) you want to use.
[38;5;86m[HTTP][0m [37m-->[39m [37mGET[39m [37m/wd/hub/status[39m [90m{}[39m
[38;5;86m[HTTP][0m [37m<-- GET /wd/hub/status [39m[32m200[39m [90m5 ms - 111[39m [90m[39m
[38;5;86m[HTTP][0m [37m-->[39m [37mPOST[39m [37m/wd/hub/session[39m [90m{"capabilities":{"firstMatch":[{"appium:autoGrantPermissions":true,"appium:automationName":"uiautomator2","appium:deviceId":"","appium:deviceName":"emulator-5554 (sdk_gphone64_x86_64 - Android 15)","appium:newCommandTimeout":1800,"appium:platformVersion":"15","appium:systemPort":8207,"appium:udid":"emulator-5554","platformName":"ANDROID"}]},"desiredCapabilities":{"appium:autoGrantPermissions":true,"appium:automationName":"uiautomator2","appium:deviceId":"","appium:deviceName":"emulator-5554 (sdk_gphone64_x86_64 - Android 15)","appium:newCommandTimeout":1800,"appium:platformVersion":"15","appium:systemPort":8207,"appium:udid":"emulator-5554","platformName":"ANDROID"}}[39m
[38;5;112m[Appium][0m Attempting to find matching driver for automationName 'uiautomator2' and platformName 'ANDROID'
[38;5;112m[Appium][0m The 'uiautomator2' driver was installed and matched caps.
[38;5;112m[Appium][0m Will require it at C:\Users\aguss\.appium\node_modules\appium-uiautomator2-driver
[38;5;171m[AppiumDriver@2ec7][0m Appium v2.11.5 creating new AndroidUiautomator2Driver (v2.45.1) session
[38;5;171m[AppiumDriver@2ec7][0m Checking BaseDriver versions for Appium and AndroidUiautomator2Driver
[38;5;171m[AppiumDriver@2ec7][0m Appium's BaseDriver version is 9.18.0
[38;5;171m[AppiumDriver@2ec7][0m AndroidUiautomator2Driver's BaseDriver version is 9.18.0
[38;5;-101m[AndroidUiautomator2Driver@2c8a][0m The following provided capabilities were not recognized by this driver:
[38;5;-101m[AndroidUiautomator2Driver@2c8a][0m   deviceId
[38;5;83m[62362bd6][0m[38;5;-101m[AndroidUiautomator2Driver@2c8a][0m Session created with session id: 62362bd6-03b9-47c2-9ee8-99611fc59f8f
[38;5;83m[62362bd6][0m[38;5;229m[ADB][0m Found 1 'build-tools' folders under 'C:\Users\aguss\.katalon\tools\android_sdk' (newest first):
[38;5;83m[62362bd6][0m[38;5;229m[ADB][0m     C:\Users\aguss\.katalon\tools\android_sdk\build-tools\29.0.3
[38;5;83m[62362bd6][0m[38;5;229m[ADB][0m Using 'adb.exe' from 'C:\Users\aguss\.katalon\tools\android_sdk\platform-tools\adb.exe'
[38;5;83m[62362bd6][0m[38;5;-101m[AndroidUiautomator2Driver@2c8a][0m Retrieving device list
[38;5;83m[62362bd6][0m[38;5;-101m[AndroidUiautomator2Driver@2c8a][0m Using device: emulator-5554
[38;5;83m[62362bd6][0m[38;5;229m[ADB][0m Using 'adb.exe' from 'C:\Users\aguss\.katalon\tools\android_sdk\platform-tools\adb.exe'
[38;5;83m[62362bd6][0m[38;5;-101m[AndroidUiautomator2Driver@2c8a][0m Neither 'app' nor 'appPackage' was set. Starting UiAutomator2 without the target application
[38;5;83m[62362bd6][0m[38;5;229m[ADB][0m Getting device platform version
[38;5;83m[62362bd6][0m[38;5;-101m[AndroidUiautomator2Driver@2c8a][0m Relaxing hidden api policy
[38;5;83m[62362bd6][0m[38;5;-101m[AndroidUiautomator2Driver@2c8a][0m No app sent in, not parsing package/activity
[38;5;83m[62362bd6][0m[38;5;229m[ADB][0m Using 'apksigner.jar' from 'C:\Users\aguss\.katalon\tools\android_sdk\build-tools\29.0.3\lib\apksigner.jar'
[38;5;83m[62362bd6][0m[38;5;229m[ADB][0m 'C:\Users\aguss\.appium\node_modules\appium-uiautomator2-driver\node_modules\appium-uiautomator2-server\apks\appium-uiautomator2-server-debug-androidTest.apk' is signed with the default certificate
[38;5;83m[62362bd6][0m[38;5;229m[ADB][0m 'C:\Users\aguss\.appium\node_modules\appium-uiautomator2-driver\node_modules\appium-uiautomator2-server\apks\appium-uiautomator2-server-v6.0.9.apk' is signed with the default certificate
[38;5;83m[62362bd6][0m[38;5;-101m[AndroidUiautomator2Driver@2c8a][0m Server packages are not going to be (re)installed
[38;5;83m[62362bd6][0m[38;5;229m[ADB][0m Adding packages ["io.appium.settings","io.appium.uiautomator2.server","io.appium.uiautomator2.server.test"] to Doze whitelist
[38;5;83m[62362bd6][0m[38;5;-101m[AndroidUiautomator2Driver@2c8a][0m Starting UIAutomator2 server 6.0.9
[38;5;83m[62362bd6][0m[38;5;-101m[AndroidUiautomator2Driver@2c8a][0m Using UIAutomator2 server from 'C:\Users\aguss\.appium\node_modules\appium-uiautomator2-driver\node_modules\appium-uiautomator2-server\apks\appium-uiautomator2-server-v6.0.9.apk' and test from 'C:\Users\aguss\.appium\node_modules\appium-uiautomator2-driver\node_modules\appium-uiautomator2-server\apks\appium-uiautomator2-server-debug-androidTest.apk'
[38;5;83m[62362bd6][0m[38;5;-101m[AndroidUiautomator2Driver@2c8a][0m Waiting up to 30000ms for UiAutomator2 to be online...
[38;5;83m[62362bd6][0m[38;5;-101m[AndroidUiautomator2Driver@2c8a][0m socket hang up
[38;5;83m[62362bd6][0m[38;5;-101m[AndroidUiautomator2Driver@2c8a][0m socket hang up
[38;5;83m[62362bd6][0m[38;5;-101m[AndroidUiautomator2Driver@2c8a][0m socket hang up
[38;5;83m[62362bd6][0m[38;5;-101m[AndroidUiautomator2Driver@2c8a][0m Determined the downstream protocol as 'W3C'
[38;5;83m[62362bd6][0m[38;5;-101m[AndroidUiautomator2Driver@2c8a][0m Screen already unlocked, doing nothing
[38;5;83m[62362bd6][0m[38;5;171m[AppiumDriver@2ec7][0m New AndroidUiautomator2Driver session created successfully, session 62362bd6-03b9-47c2-9ee8-99611fc59f8f added to master session list
[38;5;83m[62362bd6][0m[38;5;86m[HTTP][0m [37m<-- POST /wd/hub/session [39m[32m200[39m [90m6449 ms - 1026[39m [90m[39m
[38;5;86m[HTTP][0m [37m-->[39m [37mGET[39m [37m/status[39m [90m{}[39m
[38;5;86m[HTTP][0m [37m<-- GET /status [39m[33m404[39m [90m10 ms - 211[39m [90m[39m
[38;5;83m[62362bd6][0m[38;5;86m[HTTP][0m [37m-->[39m [37mPOST[39m [37m/wd/hub/session/62362bd6-03b9-47c2-9ee8-99611fc59f8f/timeouts[39m [90m{"implicit":60000}[39m
[38;5;83m[62362bd6][0m[38;5;86m[HTTP][0m [37m<-- POST /wd/hub/session/62362bd6-03b9-47c2-9ee8-99611fc59f8f/timeouts [39m[32m200[39m [90m2 ms - 14[39m [90m[39m
[38;5;83m[62362bd6][0m[38;5;86m[HTTP][0m [37m-->[39m [37mPOST[39m [37m/wd/hub/session/62362bd6-03b9-47c2-9ee8-99611fc59f8f/execute/sync[39m [90m{"script":"mobile: getSystemBars","args":[]}[39m
[38;5;83m[62362bd6][0m[38;5;-101m[AndroidUiautomator2Driver@2c8a][0m Executing method 'mobile: getSystemBars'
[38;5;83m[62362bd6][0m[38;5;-101m[AndroidUiautomator2Driver@2c8a][0m No windows have been found whose title matches to 'NavigationBar'. Assuming it is invisible. Only the following windows are available: ScreenDecorOverlayBottom,ScreenDecorOverlay,EdgeBackGestureHandler0,Taskbar,NotificationShade,StatusBar,ShellDropTarget,InputMethod
[38;5;83m[62362bd6][0m[38;5;86m[HTTP][0m [37m<-- POST /wd/hub/session/62362bd6-03b9-47c2-9ee8-99611fc59f8f/execute/sync [39m[32m200[39m [90m58 ms - 145[39m [90m[39m
[38;5;83m[62362bd6][0m[38;5;86m[HTTP][0m [37m-->[39m [37mPOST[39m [37m/wd/hub/session/62362bd6-03b9-47c2-9ee8-99611fc59f8f/execute/sync[39m [90m{"script":"mobile: activateApp","args":[{"appId":null,"bundleId":null}]}[39m
[38;5;83m[62362bd6][0m[38;5;-101m[AndroidUiautomator2Driver@2c8a][0m Executing method 'mobile: activateApp'
[38;5;83m[62362bd6][0m[38;5;86m[HTTP][0m [37m<-- POST /wd/hub/session/62362bd6-03b9-47c2-9ee8-99611fc59f8f/execute/sync [39m[31m500[39m [90m63 ms - 738[39m [90m[39m
[38;5;86m[HTTP][0m [37m-->[39m [37mGET[39m [37m/wd/hub/status[39m [90m{}[39m
[38;5;86m[HTTP][0m [37m<-- GET /wd/hub/status [39m[32m200[39m [90m1 ms - 111[39m [90m[39m
[38;5;86m[HTTP][0m [37m-->[39m [37mPOST[39m [37m/wd/hub/session[39m [90m{"capabilities":{"firstMatch":[{"appium:autoGrantPermissions":true,"appium:automationName":"uiautomator2","appium:deviceId":"","appium:deviceName":"emulator-5554 (sdk_gphone64_x86_64 - Android 15)","appium:newCommandTimeout":1800,"appium:platformVersion":"15","appium:systemPort":8212,"appium:udid":"emulator-5554","platformName":"ANDROID"}]},"desiredCapabilities":{"appium:autoGrantPermissions":true,"appium:automationName":"uiautomator2","appium:deviceId":"","appium:deviceName":"emulator-5554 (sdk_gphone64_x86_64 - Android 15)","appium:newCommandTimeout":1800,"appium:platformVersion":"15","appium:systemPort":8212,"appium:udid":"emulator-5554","platformName":"ANDROID"}}[39m
[38;5;112m[Appium][0m Attempting to find matching driver for automationName 'uiautomator2' and platformName 'ANDROID'
[38;5;112m[Appium][0m The 'uiautomator2' driver was installed and matched caps.
[38;5;112m[Appium][0m Will require it at C:\Users\aguss\.appium\node_modules\appium-uiautomator2-driver
[38;5;171m[AppiumDriver@2ec7][0m Appium v2.11.5 creating new AndroidUiautomator2Driver (v2.45.1) session
[38;5;171m[AppiumDriver@2ec7][0m Checking BaseDriver versions for Appium and AndroidUiautomator2Driver
[38;5;171m[AppiumDriver@2ec7][0m Appium's BaseDriver version is 9.18.0
[38;5;171m[AppiumDriver@2ec7][0m AndroidUiautomator2Driver's BaseDriver version is 9.18.0
[38;5;-48m[AndroidUiautomator2Driver@1587][0m The following provided capabilities were not recognized by this driver:
[38;5;-48m[AndroidUiautomator2Driver@1587][0m   deviceId
[38;5;47m[24bf17d1][0m[38;5;-48m[AndroidUiautomator2Driver@1587][0m Session created with session id: 24bf17d1-2dd8-4397-b1dc-968e3ea8988e
[38;5;47m[24bf17d1][0m[38;5;229m[ADB][0m Using 'adb.exe' from 'C:\Users\aguss\.katalon\tools\android_sdk\platform-tools\adb.exe'
[38;5;47m[24bf17d1][0m[38;5;-48m[AndroidUiautomator2Driver@1587][0m Retrieving device list
[38;5;47m[24bf17d1][0m[38;5;-48m[AndroidUiautomator2Driver@1587][0m Using device: emulator-5554
[38;5;47m[24bf17d1][0m[38;5;229m[ADB][0m Using 'adb.exe' from 'C:\Users\aguss\.katalon\tools\android_sdk\platform-tools\adb.exe'
[38;5;47m[24bf17d1][0m[38;5;-48m[AndroidUiautomator2Driver@1587][0m Neither 'app' nor 'appPackage' was set. Starting UiAutomator2 without the target application
[38;5;47m[24bf17d1][0m[38;5;229m[ADB][0m Getting device platform version
[38;5;47m[24bf17d1][0m[38;5;-48m[AndroidUiautomator2Driver@1587][0m Relaxing hidden api policy
[38;5;47m[24bf17d1][0m[38;5;-48m[AndroidUiautomator2Driver@1587][0m No app sent in, not parsing package/activity
[38;5;47m[24bf17d1][0m[38;5;-48m[AndroidUiautomator2Driver@1587][0m Server packages are not going to be (re)installed
[38;5;47m[24bf17d1][0m[38;5;229m[ADB][0m Adding packages ["io.appium.settings","io.appium.uiautomator2.server","io.appium.uiautomator2.server.test"] to Doze whitelist
[38;5;47m[24bf17d1][0m[38;5;-48m[AndroidUiautomator2Driver@1587][0m Starting UIAutomator2 server 6.0.9
[38;5;47m[24bf17d1][0m[38;5;-48m[AndroidUiautomator2Driver@1587][0m Using UIAutomator2 server from 'C:\Users\aguss\.appium\node_modules\appium-uiautomator2-driver\node_modules\appium-uiautomator2-server\apks\appium-uiautomator2-server-v6.0.9.apk' and test from 'C:\Users\aguss\.appium\node_modules\appium-uiautomator2-driver\node_modules\appium-uiautomator2-server\apks\appium-uiautomator2-server-debug-androidTest.apk'
[38;5;47m[24bf17d1][0m[38;5;-48m[AndroidUiautomator2Driver@1587][0m Waiting up to 30000ms for UiAutomator2 to be online...
[38;5;47m[24bf17d1][0m[38;5;-48m[AndroidUiautomator2Driver@1587][0m socket hang up
[38;5;47m[24bf17d1][0m[38;5;-48m[AndroidUiautomator2Driver@1587][0m socket hang up
[38;5;47m[24bf17d1][0m[38;5;-48m[AndroidUiautomator2Driver@1587][0m Determined the downstream protocol as 'W3C'
[38;5;47m[24bf17d1][0m[38;5;-48m[AndroidUiautomator2Driver@1587][0m Screen already unlocked, doing nothing
[38;5;47m[24bf17d1][0m[38;5;171m[AppiumDriver@2ec7][0m New AndroidUiautomator2Driver session created successfully, session 24bf17d1-2dd8-4397-b1dc-968e3ea8988e added to master session list
[38;5;47m[24bf17d1][0m[38;5;86m[HTTP][0m [37m<-- POST /wd/hub/session [39m[32m200[39m [90m4227 ms - 1026[39m [90m[39m
[38;5;86m[HTTP][0m [37m-->[39m [37mGET[39m [37m/status[39m [90m{}[39m
[38;5;86m[HTTP][0m [37m<-- GET /status [39m[33m404[39m [90m7 ms - 211[39m [90m[39m
[38;5;47m[24bf17d1][0m[38;5;86m[HTTP][0m [37m-->[39m [37mPOST[39m [37m/wd/hub/session/24bf17d1-2dd8-4397-b1dc-968e3ea8988e/timeouts[39m [90m{"implicit":60000}[39m
[38;5;47m[24bf17d1][0m[38;5;86m[HTTP][0m [37m<-- POST /wd/hub/session/24bf17d1-2dd8-4397-b1dc-968e3ea8988e/timeouts [39m[32m200[39m [90m2 ms - 14[39m [90m[39m
[38;5;47m[24bf17d1][0m[38;5;86m[HTTP][0m [37m-->[39m [37mPOST[39m [37m/wd/hub/session/24bf17d1-2dd8-4397-b1dc-968e3ea8988e/execute/sync[39m [90m{"script":"mobile: getSystemBars","args":[]}[39m
[38;5;47m[24bf17d1][0m[38;5;-48m[AndroidUiautomator2Driver@1587][0m Executing method 'mobile: getSystemBars'
[38;5;47m[24bf17d1][0m[38;5;-48m[AndroidUiautomator2Driver@1587][0m No windows have been found whose title matches to 'NavigationBar'. Assuming it is invisible. Only the following windows are available: ScreenDecorOverlayBottom,ScreenDecorOverlay,EdgeBackGestureHandler0,Taskbar,NotificationShade,StatusBar,ShellDropTarget,InputMethod
[38;5;47m[24bf17d1][0m[38;5;86m[HTTP][0m [37m<-- POST /wd/hub/session/24bf17d1-2dd8-4397-b1dc-968e3ea8988e/execute/sync [39m[32m200[39m [90m109 ms - 145[39m [90m[39m
[38;5;47m[24bf17d1][0m[38;5;86m[HTTP][0m [37m-->[39m [37mPOST[39m [37m/wd/hub/session/24bf17d1-2dd8-4397-b1dc-968e3ea8988e/execute/sync[39m [90m{"script":"mobile: activateApp","args":[{"appId":null,"bundleId":null}]}[39m
[38;5;47m[24bf17d1][0m[38;5;-48m[AndroidUiautomator2Driver@1587][0m Executing method 'mobile: activateApp'
[38;5;47m[24bf17d1][0m[38;5;86m[HTTP][0m [37m<-- POST /wd/hub/session/24bf17d1-2dd8-4397-b1dc-968e3ea8988e/execute/sync [39m[31m500[39m [90m45 ms - 738[39m [90m[39m
[38;5;86m[HTTP][0m [37m-->[39m [37mGET[39m [37m/wd/hub/status[39m [90m{}[39m
[38;5;86m[HTTP][0m [37m<-- GET /wd/hub/status [39m[32m200[39m [90m1 ms - 111[39m [90m[39m
[38;5;86m[HTTP][0m [37m-->[39m [37mPOST[39m [37m/wd/hub/session[39m [90m{"capabilities":{"firstMatch":[{"appium:autoGrantPermissions":true,"appium:automationName":"uiautomator2","appium:deviceId":"","appium:deviceName":"emulator-5554 (sdk_gphone64_x86_64 - Android 15)","appium:newCommandTimeout":1800,"appium:platformVersion":"15","appium:systemPort":8274,"appium:udid":"emulator-5554","platformName":"ANDROID"}]},"desiredCapabilities":{"appium:autoGrantPermissions":true,"appium:automationName":"uiautomator2","appium:deviceId":"","appium:deviceName":"emulator-5554 (sdk_gphone64_x86_64 - Android 15)","appium:newCommandTimeout":1800,"appium:platformVersion":"15","appium:systemPort":8274,"appium:udid":"emulator-5554","platformName":"ANDROID"}}[39m
[38;5;112m[Appium][0m Attempting to find matching driver for automationName 'uiautomator2' and platformName 'ANDROID'
[38;5;112m[Appium][0m The 'uiautomator2' driver was installed and matched caps.
[38;5;112m[Appium][0m Will require it at C:\Users\aguss\.appium\node_modules\appium-uiautomator2-driver
[38;5;171m[AppiumDriver@2ec7][0m Appium v2.11.5 creating new AndroidUiautomator2Driver (v2.45.1) session
[38;5;171m[AppiumDriver@2ec7][0m Checking BaseDriver versions for Appium and AndroidUiautomator2Driver
[38;5;171m[AppiumDriver@2ec7][0m Appium's BaseDriver version is 9.18.0
[38;5;171m[AppiumDriver@2ec7][0m AndroidUiautomator2Driver's BaseDriver version is 9.18.0
[38;5;-111m[AndroidUiautomator2Driver@a2c2][0m The following provided capabilities were not recognized by this driver:
[38;5;-111m[AndroidUiautomator2Driver@a2c2][0m   deviceId
[38;5;44m[bf1263cc][0m[38;5;-111m[AndroidUiautomator2Driver@a2c2][0m Session created with session id: bf1263cc-344c-4589-9ea3-cedcd4ea5ef5
[38;5;44m[bf1263cc][0m[38;5;229m[ADB][0m Using 'adb.exe' from 'C:\Users\aguss\.katalon\tools\android_sdk\platform-tools\adb.exe'
[38;5;44m[bf1263cc][0m[38;5;-111m[AndroidUiautomator2Driver@a2c2][0m Retrieving device list
[38;5;44m[bf1263cc][0m[38;5;-111m[AndroidUiautomator2Driver@a2c2][0m Using device: emulator-5554
[38;5;44m[bf1263cc][0m[38;5;229m[ADB][0m Using 'adb.exe' from 'C:\Users\aguss\.katalon\tools\android_sdk\platform-tools\adb.exe'
[38;5;44m[bf1263cc][0m[38;5;-111m[AndroidUiautomator2Driver@a2c2][0m Neither 'app' nor 'appPackage' was set. Starting UiAutomator2 without the target application
[38;5;44m[bf1263cc][0m[38;5;229m[ADB][0m Getting device platform version
[38;5;44m[bf1263cc][0m[38;5;-111m[AndroidUiautomator2Driver@a2c2][0m Relaxing hidden api policy
[38;5;44m[bf1263cc][0m[38;5;-111m[AndroidUiautomator2Driver@a2c2][0m No app sent in, not parsing package/activity
[38;5;44m[bf1263cc][0m[38;5;-111m[AndroidUiautomator2Driver@a2c2][0m Server packages are not going to be (re)installed
[38;5;44m[bf1263cc][0m[38;5;229m[ADB][0m Adding packages ["io.appium.settings","io.appium.uiautomator2.server","io.appium.uiautomator2.server.test"] to Doze whitelist
[38;5;44m[bf1263cc][0m[38;5;-111m[AndroidUiautomator2Driver@a2c2][0m Starting UIAutomator2 server 6.0.9
[38;5;44m[bf1263cc][0m[38;5;-111m[AndroidUiautomator2Driver@a2c2][0m Using UIAutomator2 server from 'C:\Users\aguss\.appium\node_modules\appium-uiautomator2-driver\node_modules\appium-uiautomator2-server\apks\appium-uiautomator2-server-v6.0.9.apk' and test from 'C:\Users\aguss\.appium\node_modules\appium-uiautomator2-driver\node_modules\appium-uiautomator2-server\apks\appium-uiautomator2-server-debug-androidTest.apk'
[38;5;44m[bf1263cc][0m[38;5;-111m[AndroidUiautomator2Driver@a2c2][0m Waiting up to 30000ms for UiAutomator2 to be online...
[38;5;44m[bf1263cc][0m[38;5;-111m[AndroidUiautomator2Driver@a2c2][0m socket hang up
[38;5;44m[bf1263cc][0m[38;5;-111m[AndroidUiautomator2Driver@a2c2][0m socket hang up
[38;5;44m[bf1263cc][0m[38;5;-111m[AndroidUiautomator2Driver@a2c2][0m Determined the downstream protocol as 'W3C'
[38;5;44m[bf1263cc][0m[38;5;-111m[AndroidUiautomator2Driver@a2c2][0m Screen already unlocked, doing nothing
[38;5;44m[bf1263cc][0m[38;5;171m[AppiumDriver@2ec7][0m New AndroidUiautomator2Driver session created successfully, session bf1263cc-344c-4589-9ea3-cedcd4ea5ef5 added to master session list
[38;5;44m[bf1263cc][0m[38;5;86m[HTTP][0m [37m<-- POST /wd/hub/session [39m[32m200[39m [90m4252 ms - 1026[39m [90m[39m
[38;5;86m[HTTP][0m [37m-->[39m [37mGET[39m [37m/status[39m [90m{}[39m
[38;5;86m[HTTP][0m [37m<-- GET /status [39m[33m404[39m [90m1 ms - 211[39m [90m[39m
[38;5;44m[bf1263cc][0m[38;5;86m[HTTP][0m [37m-->[39m [37mPOST[39m [37m/wd/hub/session/bf1263cc-344c-4589-9ea3-cedcd4ea5ef5/timeouts[39m [90m{"implicit":60000}[39m
[38;5;44m[bf1263cc][0m[38;5;86m[HTTP][0m [37m<-- POST /wd/hub/session/bf1263cc-344c-4589-9ea3-cedcd4ea5ef5/timeouts [39m[32m200[39m [90m2 ms - 14[39m [90m[39m
[38;5;44m[bf1263cc][0m[38;5;86m[HTTP][0m [37m-->[39m [37mPOST[39m [37m/wd/hub/session/bf1263cc-344c-4589-9ea3-cedcd4ea5ef5/execute/sync[39m [90m{"script":"mobile: getSystemBars","args":[]}[39m
[38;5;44m[bf1263cc][0m[38;5;-111m[AndroidUiautomator2Driver@a2c2][0m Executing method 'mobile: getSystemBars'
[38;5;44m[bf1263cc][0m[38;5;-111m[AndroidUiautomator2Driver@a2c2][0m No windows have been found whose title matches to 'NavigationBar'. Assuming it is invisible. Only the following windows are available: ScreenDecorOverlayBottom,ScreenDecorOverlay,EdgeBackGestureHandler0,Taskbar,NotificationShade,StatusBar,ShellDropTarget,InputMethod
[38;5;44m[bf1263cc][0m[38;5;86m[HTTP][0m [37m<-- POST /wd/hub/session/bf1263cc-344c-4589-9ea3-cedcd4ea5ef5/execute/sync [39m[32m200[39m [90m71 ms - 145[39m [90m[39m
[38;5;44m[bf1263cc][0m[38;5;86m[HTTP][0m [37m-->[39m [37mPOST[39m [37m/wd/hub/session/bf1263cc-344c-4589-9ea3-cedcd4ea5ef5/execute/sync[39m [90m{"script":"mobile: activateApp","args":[{"appId":null,"bundleId":null}]}[39m
[38;5;44m[bf1263cc][0m[38;5;-111m[AndroidUiautomator2Driver@a2c2][0m Executing method 'mobile: activateApp'
[38;5;44m[bf1263cc][0m[38;5;86m[HTTP][0m [37m<-- POST /wd/hub/session/bf1263cc-344c-4589-9ea3-cedcd4ea5ef5/execute/sync [39m[31m500[39m [90m48 ms - 738[39m [90m[39m
[38;5;86m[HTTP][0m [37m-->[39m [37mGET[39m [37m/wd/hub/status[39m [90m{}[39m
[38;5;86m[HTTP][0m [37m<-- GET /wd/hub/status [39m[32m200[39m [90m1 ms - 111[39m [90m[39m
[38;5;86m[HTTP][0m [37m-->[39m [37mPOST[39m [37m/wd/hub/session[39m [90m{"capabilities":{"firstMatch":[{"appium:autoGrantPermissions":true,"appium:automationName":"uiautomator2","appium:deviceId":"","appium:deviceName":"emulator-5554 (sdk_gphone64_x86_64 - Android 15)","appium:newCommandTimeout":1800,"appium:platformVersion":"15","appium:systemPort":8288,"appium:udid":"emulator-5554","platformName":"ANDROID"}]},"desiredCapabilities":{"appium:autoGrantPermissions":true,"appium:automationName":"uiautomator2","appium:deviceId":"","appium:deviceName":"emulator-5554 (sdk_gphone64_x86_64 - Android 15)","appium:newCommandTimeout":1800,"appium:platformVersion":"15","appium:systemPort":8288,"appium:udid":"emulator-5554","platformName":"ANDROID"}}[39m
[38;5;112m[Appium][0m Attempting to find matching driver for automationName 'uiautomator2' and platformName 'ANDROID'
[38;5;112m[Appium][0m The 'uiautomator2' driver was installed and matched caps.
[38;5;112m[Appium][0m Will require it at C:\Users\aguss\.appium\node_modules\appium-uiautomator2-driver
[38;5;171m[AppiumDriver@2ec7][0m Appium v2.11.5 creating new AndroidUiautomator2Driver (v2.45.1) session
[38;5;171m[AppiumDriver@2ec7][0m Checking BaseDriver versions for Appium and AndroidUiautomator2Driver
[38;5;171m[AppiumDriver@2ec7][0m Appium's BaseDriver version is 9.18.0
[38;5;171m[AppiumDriver@2ec7][0m AndroidUiautomator2Driver's BaseDriver version is 9.18.0
[38;5;-120m[AndroidUiautomator2Driver@2869][0m The following provided capabilities were not recognized by this driver:
[38;5;-120m[AndroidUiautomator2Driver@2869][0m   deviceId
[38;5;44m[f46f6837][0m[38;5;-120m[AndroidUiautomator2Driver@2869][0m Session created with session id: f46f6837-ecdc-4f74-a92f-0c7ee9334585
[38;5;44m[f46f6837][0m[38;5;229m[ADB][0m Using 'adb.exe' from 'C:\Users\aguss\.katalon\tools\android_sdk\platform-tools\adb.exe'
[38;5;44m[f46f6837][0m[38;5;-120m[AndroidUiautomator2Driver@2869][0m Retrieving device list
[38;5;44m[f46f6837][0m[38;5;-120m[AndroidUiautomator2Driver@2869][0m Using device: emulator-5554
[38;5;44m[f46f6837][0m[38;5;229m[ADB][0m Using 'adb.exe' from 'C:\Users\aguss\.katalon\tools\android_sdk\platform-tools\adb.exe'
[38;5;44m[f46f6837][0m[38;5;-120m[AndroidUiautomator2Driver@2869][0m Neither 'app' nor 'appPackage' was set. Starting UiAutomator2 without the target application
[38;5;44m[f46f6837][0m[38;5;229m[ADB][0m Getting device platform version
[38;5;44m[f46f6837][0m[38;5;-120m[AndroidUiautomator2Driver@2869][0m Relaxing hidden api policy
[38;5;44m[f46f6837][0m[38;5;-120m[AndroidUiautomator2Driver@2869][0m No app sent in, not parsing package/activity
[38;5;44m[f46f6837][0m[38;5;-120m[AndroidUiautomator2Driver@2869][0m Server packages are not going to be (re)installed
[38;5;44m[f46f6837][0m[38;5;229m[ADB][0m Adding packages ["io.appium.settings","io.appium.uiautomator2.server","io.appium.uiautomator2.server.test"] to Doze whitelist
[38;5;44m[f46f6837][0m[38;5;-120m[AndroidUiautomator2Driver@2869][0m Starting UIAutomator2 server 6.0.9
[38;5;44m[f46f6837][0m[38;5;-120m[AndroidUiautomator2Driver@2869][0m Using UIAutomator2 server from 'C:\Users\aguss\.appium\node_modules\appium-uiautomator2-driver\node_modules\appium-uiautomator2-server\apks\appium-uiautomator2-server-v6.0.9.apk' and test from 'C:\Users\aguss\.appium\node_modules\appium-uiautomator2-driver\node_modules\appium-uiautomator2-server\apks\appium-uiautomator2-server-debug-androidTest.apk'
[38;5;44m[f46f6837][0m[38;5;-120m[AndroidUiautomator2Driver@2869][0m Waiting up to 30000ms for UiAutomator2 to be online...
[38;5;44m[f46f6837][0m[38;5;-120m[AndroidUiautomator2Driver@2869][0m socket hang up
[38;5;44m[f46f6837][0m[38;5;-120m[AndroidUiautomator2Driver@2869][0m socket hang up
[38;5;44m[f46f6837][0m[38;5;-120m[AndroidUiautomator2Driver@2869][0m Determined the downstream protocol as 'W3C'
[38;5;44m[f46f6837][0m[38;5;-120m[AndroidUiautomator2Driver@2869][0m Screen already unlocked, doing nothing
[38;5;44m[f46f6837][0m[38;5;171m[AppiumDriver@2ec7][0m New AndroidUiautomator2Driver session created successfully, session f46f6837-ecdc-4f74-a92f-0c7ee9334585 added to master session list
[38;5;44m[f46f6837][0m[38;5;86m[HTTP][0m [37m<-- POST /wd/hub/session [39m[32m200[39m [90m4217 ms - 1026[39m [90m[39m
[38;5;86m[HTTP][0m [37m-->[39m [37mGET[39m [37m/status[39m [90m{}[39m
[38;5;86m[HTTP][0m [37m<-- GET /status [39m[33m404[39m [90m1 ms - 211[39m [90m[39m
[38;5;44m[f46f6837][0m[38;5;86m[HTTP][0m [37m-->[39m [37mPOST[39m [37m/wd/hub/session/f46f6837-ecdc-4f74-a92f-0c7ee9334585/timeouts[39m [90m{"implicit":60000}[39m
[38;5;44m[f46f6837][0m[38;5;86m[HTTP][0m [37m<-- POST /wd/hub/session/f46f6837-ecdc-4f74-a92f-0c7ee9334585/timeouts [39m[32m200[39m [90m1 ms - 14[39m [90m[39m
[38;5;44m[f46f6837][0m[38;5;86m[HTTP][0m [37m-->[39m [37mPOST[39m [37m/wd/hub/session/f46f6837-ecdc-4f74-a92f-0c7ee9334585/execute/sync[39m [90m{"script":"mobile: getSystemBars","args":[]}[39m
[38;5;44m[f46f6837][0m[38;5;-120m[AndroidUiautomator2Driver@2869][0m Executing method 'mobile: getSystemBars'
[38;5;44m[f46f6837][0m[38;5;-120m[AndroidUiautomator2Driver@2869][0m No windows have been found whose title matches to 'NavigationBar'. Assuming it is invisible. Only the following windows are available: ScreenDecorOverlayBottom,ScreenDecorOverlay,EdgeBackGestureHandler0,Taskbar,NotificationShade,StatusBar,ShellDropTarget,InputMethod
[38;5;44m[f46f6837][0m[38;5;86m[HTTP][0m [37m<-- POST /wd/hub/session/f46f6837-ecdc-4f74-a92f-0c7ee9334585/execute/sync [39m[32m200[39m [90m48 ms - 145[39m [90m[39m
[38;5;44m[f46f6837][0m[38;5;86m[HTTP][0m [37m-->[39m [37mPOST[39m [37m/wd/hub/session/f46f6837-ecdc-4f74-a92f-0c7ee9334585/execute/sync[39m [90m{"script":"mobile: activateApp","args":[{"appId":null,"bundleId":null}]}[39m
[38;5;44m[f46f6837][0m[38;5;-120m[AndroidUiautomator2Driver@2869][0m Executing method 'mobile: activateApp'
[38;5;44m[f46f6837][0m[38;5;86m[HTTP][0m [37m<-- POST /wd/hub/session/f46f6837-ecdc-4f74-a92f-0c7ee9334585/execute/sync [39m[31m500[39m [90m33 ms - 738[39m [90m[39m
[38;5;86m[HTTP][0m [37m-->[39m [37mGET[39m [37m/wd/hub/status[39m [90m{}[39m
[38;5;86m[HTTP][0m [37m<-- GET /wd/hub/status [39m[32m200[39m [90m1 ms - 111[39m [90m[39m
[38;5;86m[HTTP][0m [37m-->[39m [37mPOST[39m [37m/wd/hub/session[39m [90m{"capabilities":{"firstMatch":[{"appium:autoGrantPermissions":true,"appium:automationName":"uiautomator2","appium:deviceId":"","appium:deviceName":"emulator-5554 (sdk_gphone64_x86_64 - Android 15)","appium:newCommandTimeout":1800,"appium:platformVersion":"15","appium:systemPort":8213,"appium:udid":"emulator-5554","platformName":"ANDROID"}]},"desiredCapabilities":{"appium:autoGrantPermissions":true,"appium:automationName":"uiautomator2","appium:deviceId":"","appium:deviceName":"emulator-5554 (sdk_gphone64_x86_64 - Android 15)","appium:newCommandTimeout":1800,"appium:platformVersion":"15","appium:systemPort":8213,"appium:udid":"emulator-5554","platformName":"ANDROID"}}[39m
[38;5;112m[Appium][0m Attempting to find matching driver for automationName 'uiautomator2' and platformName 'ANDROID'
[38;5;112m[Appium][0m The 'uiautomator2' driver was installed and matched caps.
[38;5;112m[Appium][0m Will require it at C:\Users\aguss\.appium\node_modules\appium-uiautomator2-driver
[38;5;171m[AppiumDriver@2ec7][0m Appium v2.11.5 creating new AndroidUiautomator2Driver (v2.45.1) session
[38;5;171m[AppiumDriver@2ec7][0m Checking BaseDriver versions for Appium and AndroidUiautomator2Driver
[38;5;171m[AppiumDriver@2ec7][0m Appium's BaseDriver version is 9.18.0
[38;5;171m[AppiumDriver@2ec7][0m AndroidUiautomator2Driver's BaseDriver version is 9.18.0
[38;5;-131m[AndroidUiautomator2Driver@7298][0m The following provided capabilities were not recognized by this driver:
[38;5;-131m[AndroidUiautomator2Driver@7298][0m   deviceId
[38;5;24m[d7b2f26e][0m[38;5;-131m[AndroidUiautomator2Driver@7298][0m Session created with session id: d7b2f26e-a039-4b61-a772-bdc1b2f256be
[38;5;24m[d7b2f26e][0m[38;5;229m[ADB][0m Using 'adb.exe' from 'C:\Users\aguss\.katalon\tools\android_sdk\platform-tools\adb.exe'
[38;5;24m[d7b2f26e][0m[38;5;-131m[AndroidUiautomator2Driver@7298][0m Retrieving device list
[38;5;24m[d7b2f26e][0m[38;5;-131m[AndroidUiautomator2Driver@7298][0m Using device: emulator-5554
[38;5;24m[d7b2f26e][0m[38;5;229m[ADB][0m Using 'adb.exe' from 'C:\Users\aguss\.katalon\tools\android_sdk\platform-tools\adb.exe'
[38;5;24m[d7b2f26e][0m[38;5;-131m[AndroidUiautomator2Driver@7298][0m Neither 'app' nor 'appPackage' was set. Starting UiAutomator2 without the target application
[38;5;24m[d7b2f26e][0m[38;5;229m[ADB][0m Getting device platform version
[38;5;24m[d7b2f26e][0m[38;5;-131m[AndroidUiautomator2Driver@7298][0m Relaxing hidden api policy
[38;5;24m[d7b2f26e][0m[38;5;-131m[AndroidUiautomator2Driver@7298][0m No app sent in, not parsing package/activity
[38;5;24m[d7b2f26e][0m[38;5;-131m[AndroidUiautomator2Driver@7298][0m Server packages are not going to be (re)installed
[38;5;24m[d7b2f26e][0m[38;5;229m[ADB][0m Adding packages ["io.appium.settings","io.appium.uiautomator2.server","io.appium.uiautomator2.server.test"] to Doze whitelist
[38;5;24m[d7b2f26e][0m[38;5;-131m[AndroidUiautomator2Driver@7298][0m Starting UIAutomator2 server 6.0.9
[38;5;24m[d7b2f26e][0m[38;5;-131m[AndroidUiautomator2Driver@7298][0m Using UIAutomator2 server from 'C:\Users\aguss\.appium\node_modules\appium-uiautomator2-driver\node_modules\appium-uiautomator2-server\apks\appium-uiautomator2-server-v6.0.9.apk' and test from 'C:\Users\aguss\.appium\node_modules\appium-uiautomator2-driver\node_modules\appium-uiautomator2-server\apks\appium-uiautomator2-server-debug-androidTest.apk'
[38;5;24m[d7b2f26e][0m[38;5;-131m[AndroidUiautomator2Driver@7298][0m Waiting up to 30000ms for UiAutomator2 to be online...
[38;5;24m[d7b2f26e][0m[38;5;-131m[AndroidUiautomator2Driver@7298][0m socket hang up
[38;5;24m[d7b2f26e][0m[38;5;-131m[AndroidUiautomator2Driver@7298][0m socket hang up
[38;5;24m[d7b2f26e][0m[38;5;-131m[AndroidUiautomator2Driver@7298][0m Determined the downstream protocol as 'W3C'
[38;5;24m[d7b2f26e][0m[38;5;-131m[AndroidUiautomator2Driver@7298][0m Screen already unlocked, doing nothing
[38;5;24m[d7b2f26e][0m[38;5;171m[AppiumDriver@2ec7][0m New AndroidUiautomator2Driver session created successfully, session d7b2f26e-a039-4b61-a772-bdc1b2f256be added to master session list
[38;5;24m[d7b2f26e][0m[38;5;86m[HTTP][0m [37m<-- POST /wd/hub/session [39m[32m200[39m [90m4075 ms - 1026[39m [90m[39m
[38;5;86m[HTTP][0m [37m-->[39m [37mGET[39m [37m/status[39m [90m{}[39m
[38;5;86m[HTTP][0m [37m<-- GET /status [39m[33m404[39m [90m1 ms - 211[39m [90m[39m
[38;5;24m[d7b2f26e][0m[38;5;86m[HTTP][0m [37m-->[39m [37mPOST[39m [37m/wd/hub/session/d7b2f26e-a039-4b61-a772-bdc1b2f256be/timeouts[39m [90m{"implicit":60000}[39m
[38;5;24m[d7b2f26e][0m[38;5;86m[HTTP][0m [37m<-- POST /wd/hub/session/d7b2f26e-a039-4b61-a772-bdc1b2f256be/timeouts [39m[32m200[39m [90m2 ms - 14[39m [90m[39m
[38;5;24m[d7b2f26e][0m[38;5;86m[HTTP][0m [37m-->[39m [37mPOST[39m [37m/wd/hub/session/d7b2f26e-a039-4b61-a772-bdc1b2f256be/execute/sync[39m [90m{"script":"mobile: getSystemBars","args":[]}[39m
[38;5;24m[d7b2f26e][0m[38;5;-131m[AndroidUiautomator2Driver@7298][0m Executing method 'mobile: getSystemBars'
[38;5;24m[d7b2f26e][0m[38;5;-131m[AndroidUiautomator2Driver@7298][0m No windows have been found whose title matches to 'NavigationBar'. Assuming it is invisible. Only the following windows are available: ScreenDecorOverlayBottom,ScreenDecorOverlay,EdgeBackGestureHandler0,Taskbar,NotificationShade,StatusBar,ShellDropTarget,InputMethod
[38;5;24m[d7b2f26e][0m[38;5;86m[HTTP][0m [37m<-- POST /wd/hub/session/d7b2f26e-a039-4b61-a772-bdc1b2f256be/execute/sync [39m[32m200[39m [90m48 ms - 145[39m [90m[39m
[38;5;24m[d7b2f26e][0m[38;5;86m[HTTP][0m [37m-->[39m [37mPOST[39m [37m/wd/hub/session/d7b2f26e-a039-4b61-a772-bdc1b2f256be/execute/sync[39m [90m{"script":"mobile: activateApp","args":[{"appId":null,"bundleId":null}]}[39m
[38;5;24m[d7b2f26e][0m[38;5;-131m[AndroidUiautomator2Driver@7298][0m Executing method 'mobile: activateApp'
[38;5;24m[d7b2f26e][0m[38;5;86m[HTTP][0m [37m<-- POST /wd/hub/session/d7b2f26e-a039-4b61-a772-bdc1b2f256be/execute/sync [39m[31m500[39m [90m34 ms - 738[39m [90m[39m
[38;5;86m[HTTP][0m [37m-->[39m [37mGET[39m [37m/wd/hub/status[39m [90m{}[39m
[38;5;86m[HTTP][0m [37m<-- GET /wd/hub/status [39m[32m200[39m [90m1 ms - 111[39m [90m[39m
[38;5;86m[HTTP][0m [37m-->[39m [37mPOST[39m [37m/wd/hub/session[39m [90m{"capabilities":{"firstMatch":[{"appium:autoGrantPermissions":true,"appium:automationName":"uiautomator2","appium:deviceId":"","appium:deviceName":"emulator-5554 (sdk_gphone64_x86_64 - Android 15)","appium:newCommandTimeout":1800,"appium:platformVersion":"15","appium:systemPort":8258,"appium:udid":"emulator-5554","platformName":"ANDROID"}]},"desiredCapabilities":{"appium:autoGrantPermissions":true,"appium:automationName":"uiautomator2","appium:deviceId":"","appium:deviceName":"emulator-5554 (sdk_gphone64_x86_64 - Android 15)","appium:newCommandTimeout":1800,"appium:platformVersion":"15","appium:systemPort":8258,"appium:udid":"emulator-5554","platformName":"ANDROID"}}[39m
[38;5;112m[Appium][0m Attempting to find matching driver for automationName 'uiautomator2' and platformName 'ANDROID'
[38;5;112m[Appium][0m The 'uiautomator2' driver was installed and matched caps.
[38;5;112m[Appium][0m Will require it at C:\Users\aguss\.appium\node_modules\appium-uiautomator2-driver
[38;5;171m[AppiumDriver@2ec7][0m Appium v2.11.5 creating new AndroidUiautomator2Driver (v2.45.1) session
[38;5;171m[AppiumDriver@2ec7][0m Checking BaseDriver versions for Appium and AndroidUiautomator2Driver
[38;5;171m[AppiumDriver@2ec7][0m Appium's BaseDriver version is 9.18.0
[38;5;171m[AppiumDriver@2ec7][0m AndroidUiautomator2Driver's BaseDriver version is 9.18.0
[38;5;-116m[AndroidUiautomator2Driver@4c60][0m The following provided capabilities were not recognized by this driver:
[38;5;-116m[AndroidUiautomator2Driver@4c60][0m   deviceId
[38;5;40m[c1bb1580][0m[38;5;-116m[AndroidUiautomator2Driver@4c60][0m Session created with session id: c1bb1580-a7da-448e-8e18-3903de905985
[38;5;40m[c1bb1580][0m[38;5;229m[ADB][0m Using 'adb.exe' from 'C:\Users\aguss\.katalon\tools\android_sdk\platform-tools\adb.exe'
[38;5;40m[c1bb1580][0m[38;5;-116m[AndroidUiautomator2Driver@4c60][0m Retrieving device list
[38;5;40m[c1bb1580][0m[38;5;-116m[AndroidUiautomator2Driver@4c60][0m Using device: emulator-5554
[38;5;40m[c1bb1580][0m[38;5;229m[ADB][0m Using 'adb.exe' from 'C:\Users\aguss\.katalon\tools\android_sdk\platform-tools\adb.exe'
[38;5;40m[c1bb1580][0m[38;5;-116m[AndroidUiautomator2Driver@4c60][0m Neither 'app' nor 'appPackage' was set. Starting UiAutomator2 without the target application
[38;5;40m[c1bb1580][0m[38;5;229m[ADB][0m Getting device platform version
[38;5;40m[c1bb1580][0m[38;5;-116m[AndroidUiautomator2Driver@4c60][0m Relaxing hidden api policy
[38;5;40m[c1bb1580][0m[38;5;-116m[AndroidUiautomator2Driver@4c60][0m No app sent in, not parsing package/activity
[38;5;40m[c1bb1580][0m[38;5;-116m[AndroidUiautomator2Driver@4c60][0m Server packages are not going to be (re)installed
[38;5;40m[c1bb1580][0m[38;5;229m[ADB][0m Adding packages ["io.appium.settings","io.appium.uiautomator2.server","io.appium.uiautomator2.server.test"] to Doze whitelist
[38;5;40m[c1bb1580][0m[38;5;-116m[AndroidUiautomator2Driver@4c60][0m Starting UIAutomator2 server 6.0.9
[38;5;40m[c1bb1580][0m[38;5;-116m[AndroidUiautomator2Driver@4c60][0m Using UIAutomator2 server from 'C:\Users\aguss\.appium\node_modules\appium-uiautomator2-driver\node_modules\appium-uiautomator2-server\apks\appium-uiautomator2-server-v6.0.9.apk' and test from 'C:\Users\aguss\.appium\node_modules\appium-uiautomator2-driver\node_modules\appium-uiautomator2-server\apks\appium-uiautomator2-server-debug-androidTest.apk'
[38;5;40m[c1bb1580][0m[38;5;-116m[AndroidUiautomator2Driver@4c60][0m Waiting up to 30000ms for UiAutomator2 to be online...
[38;5;40m[c1bb1580][0m[38;5;-116m[AndroidUiautomator2Driver@4c60][0m socket hang up
[38;5;40m[c1bb1580][0m[38;5;-116m[AndroidUiautomator2Driver@4c60][0m socket hang up
[38;5;86m[HTTP][0m [37m<-- POST /wd/hub/session [39m[32m-[39m [90m- ms - -[39m [90m[39m
[38;5;40m[c1bb1580][0m[38;5;-116m[AndroidUiautomator2Driver@4c60][0m Determined the downstream protocol as 'W3C'
[38;5;40m[c1bb1580][0m[38;5;-116m[AndroidUiautomator2Driver@4c60][0m Screen already unlocked, doing nothing
[38;5;40m[c1bb1580][0m[38;5;171m[AppiumDriver@2ec7][0m New AndroidUiautomator2Driver session created successfully, session c1bb1580-a7da-448e-8e18-3903de905985 added to master session list
[38;5;83m[62362bd6][0m[38;5;-101m[AndroidUiautomator2Driver@2c8a][0m Shutting down because we waited 1800 seconds for a command
[38;5;83m[62362bd6][0m[38;5;171m[AppiumDriver@2ec7][0m Ending session, cause was 'New Command Timeout of 1800 seconds expired. Try customizing the timeout using the 'newCommandTimeout' desired capability'
[38;5;83m[62362bd6][0m[38;5;171m[AppiumDriver@2ec7][0m Removing session '62362bd6-03b9-47c2-9ee8-99611fc59f8f' from our master session list
[38;5;83m[62362bd6][0m[38;5;-101m[AndroidUiautomator2Driver@2c8a][0m Did not get confirmation UiAutomator2 deleteSession worked; Error was: UnknownError: An unknown server-side error occurred while processing the command. Original error: 'DELETE /' cannot be proxied to UiAutomator2 server because the instrumentation process is not running (probably crashed). Check the server log and/or the logcat output for more details
[38;5;83m[62362bd6][0m[38;5;-101m[AndroidUiautomator2Driver@2c8a][0m Restoring hidden api policy to the device default configuration
[38;5;47m[24bf17d1][0m[38;5;-48m[AndroidUiautomator2Driver@1587][0m Shutting down because we waited 1800 seconds for a command
[38;5;47m[24bf17d1][0m[38;5;171m[AppiumDriver@2ec7][0m Ending session, cause was 'New Command Timeout of 1800 seconds expired. Try customizing the timeout using the 'newCommandTimeout' desired capability'
[38;5;47m[24bf17d1][0m[38;5;171m[AppiumDriver@2ec7][0m Removing session '24bf17d1-2dd8-4397-b1dc-968e3ea8988e' from our master session list
[38;5;47m[24bf17d1][0m[38;5;-48m[AndroidUiautomator2Driver@1587][0m Did not get confirmation UiAutomator2 deleteSession worked; Error was: UnknownError: An unknown server-side error occurred while processing the command. Original error: 'DELETE /' cannot be proxied to UiAutomator2 server because the instrumentation process is not running (probably crashed). Check the server log and/or the logcat output for more details
[38;5;47m[24bf17d1][0m[38;5;-48m[AndroidUiautomator2Driver@1587][0m Restoring hidden api policy to the device default configuration
[38;5;44m[bf1263cc][0m[38;5;-111m[AndroidUiautomator2Driver@a2c2][0m Shutting down because we waited 1800 seconds for a command
[38;5;44m[bf1263cc][0m[38;5;171m[AppiumDriver@2ec7][0m Ending session, cause was 'New Command Timeout of 1800 seconds expired. Try customizing the timeout using the 'newCommandTimeout' desired capability'
[38;5;44m[bf1263cc][0m[38;5;171m[AppiumDriver@2ec7][0m Removing session 'bf1263cc-344c-4589-9ea3-cedcd4ea5ef5' from our master session list
[38;5;44m[bf1263cc][0m[38;5;-111m[AndroidUiautomator2Driver@a2c2][0m Did not get confirmation UiAutomator2 deleteSession worked; Error was: UnknownError: An unknown server-side error occurred while processing the command. Original error: 'DELETE /' cannot be proxied to UiAutomator2 server because the instrumentation process is not running (probably crashed). Check the server log and/or the logcat output for more details
[38;5;44m[bf1263cc][0m[38;5;-111m[AndroidUiautomator2Driver@a2c2][0m Restoring hidden api policy to the device default configuration
[38;5;44m[f46f6837][0m[38;5;-120m[AndroidUiautomator2Driver@2869][0m Shutting down because we waited 1800 seconds for a command
[38;5;44m[f46f6837][0m[38;5;171m[AppiumDriver@2ec7][0m Ending session, cause was 'New Command Timeout of 1800 seconds expired. Try customizing the timeout using the 'newCommandTimeout' desired capability'
[38;5;44m[f46f6837][0m[38;5;171m[AppiumDriver@2ec7][0m Removing session 'f46f6837-ecdc-4f74-a92f-0c7ee9334585' from our master session list
[38;5;44m[f46f6837][0m[38;5;-120m[AndroidUiautomator2Driver@2869][0m Did not get confirmation UiAutomator2 deleteSession worked; Error was: UnknownError: An unknown server-side error occurred while processing the command. Original error: 'DELETE /' cannot be proxied to UiAutomator2 server because the instrumentation process is not running (probably crashed). Check the server log and/or the logcat output for more details
[38;5;44m[f46f6837][0m[38;5;-120m[AndroidUiautomator2Driver@2869][0m Restoring hidden api policy to the device default configuration
[38;5;24m[d7b2f26e][0m[38;5;-131m[AndroidUiautomator2Driver@7298][0m Shutting down because we waited 1800 seconds for a command
[38;5;24m[d7b2f26e][0m[38;5;171m[AppiumDriver@2ec7][0m Ending session, cause was 'New Command Timeout of 1800 seconds expired. Try customizing the timeout using the 'newCommandTimeout' desired capability'
[38;5;24m[d7b2f26e][0m[38;5;171m[AppiumDriver@2ec7][0m Removing session 'd7b2f26e-a039-4b61-a772-bdc1b2f256be' from our master session list
[38;5;24m[d7b2f26e][0m[38;5;-131m[AndroidUiautomator2Driver@7298][0m Did not get confirmation UiAutomator2 deleteSession worked; Error was: UnknownError: An unknown server-side error occurred while processing the command. Original error: 'DELETE /' cannot be proxied to UiAutomator2 server because the instrumentation process is not running (probably crashed). Check the server log and/or the logcat output for more details
[38;5;24m[d7b2f26e][0m[38;5;-131m[AndroidUiautomator2Driver@7298][0m Restoring hidden api policy to the device default configuration
[38;5;40m[c1bb1580][0m[38;5;-116m[AndroidUiautomator2Driver@4c60][0m Shutting down because we waited 1800 seconds for a command
[38;5;40m[c1bb1580][0m[38;5;171m[AppiumDriver@2ec7][0m Ending session, cause was 'New Command Timeout of 1800 seconds expired. Try customizing the timeout using the 'newCommandTimeout' desired capability'
[38;5;40m[c1bb1580][0m[38;5;171m[AppiumDriver@2ec7][0m Removing session 'c1bb1580-a7da-448e-8e18-3903de905985' from our master session list
[38;5;40m[c1bb1580][0m[38;5;-116m[AndroidUiautomator2Driver@4c60][0m Did not get confirmation UiAutomator2 deleteSession worked; Error was: UnknownError: An unknown server-side error occurred while processing the command. Original error: 'DELETE /' cannot be proxied to UiAutomator2 server because the instrumentation process is not running (probably crashed). Check the server log and/or the logcat output for more details
[38;5;40m[c1bb1580][0m[38;5;-116m[AndroidUiautomator2Driver@4c60][0m Restoring hidden api policy to the device default configuration
