[38;5;112m[Appium][0m Welcome to Appium v2.11.5
[38;5;112m[Appium][0m Non-default server args:
[38;5;112m[Appium][0m { basePath: [32m'/wd/hub'[39m, loglevel: [32m'info'[39m, port: [33m51731[39m }
[38;5;112m[Appium][0m Attempting to load driver uiautomator2...
[38;5;112m[Appium][0m Appium REST http interface listener started on http://0.0.0.0:51731/wd/hub
[38;5;112m[Appium][0m You can provide the following URLs in your client code to connect to this server:
	http://192.168.1.3:51731/wd/hub
	http://127.0.0.1:51731/wd/hub (only accessible from the same host)
[38;5;112m[Appium][0m Available drivers:
[38;5;112m[Appium][0m   - uiautomator2@2.45.1 (automationName 'UiAutomator2')
[38;5;112m[Appium][0m No plugins have been installed. Use the "appium plugin" command to install the one(s) you want to use.
[38;5;86m[HTTP][0m [37m-->[39m [37mGET[39m [37m/wd/hub/status[39m [90m{}[39m
[38;5;86m[HTTP][0m [37m<-- GET /wd/hub/status [39m[32m200[39m [90m5 ms - 111[39m [90m[39m
[38;5;86m[HTTP][0m [37m-->[39m [37mPOST[39m [37m/wd/hub/session[39m [90m{"capabilities":{"firstMatch":[{"appium:autoGrantPermissions":true,"appium:automationName":"uiautomator2","appium:deviceId":"","appium:deviceName":"emulator-5554 (sdk_gphone64_x86_64 - Android 15)","appium:newCommandTimeout":1800,"appium:platformVersion":"15","appium:systemPort":8206,"appium:udid":"emulator-5554","platformName":"ANDROID"}]},"desiredCapabilities":{"appium:autoGrantPermissions":true,"appium:automationName":"uiautomator2","appium:deviceId":"","appium:deviceName":"emulator-5554 (sdk_gphone64_x86_64 - Android 15)","appium:newCommandTimeout":1800,"appium:platformVersion":"15","appium:systemPort":8206,"appium:udid":"emulator-5554","platformName":"ANDROID"}}[39m
[38;5;112m[Appium][0m Attempting to find matching driver for automationName 'uiautomator2' and platformName 'ANDROID'
[38;5;112m[Appium][0m The 'uiautomator2' driver was installed and matched caps.
[38;5;112m[Appium][0m Will require it at C:\Users\aguss\.appium\node_modules\appium-uiautomator2-driver
[38;5;73m[AppiumDriver@de26][0m Appium v2.11.5 creating new AndroidUiautomator2Driver (v2.45.1) session
[38;5;73m[AppiumDriver@de26][0m Checking BaseDriver versions for Appium and AndroidUiautomator2Driver
[38;5;73m[AppiumDriver@de26][0m Appium's BaseDriver version is 9.18.0
[38;5;73m[AppiumDriver@de26][0m AndroidUiautomator2Driver's BaseDriver version is 9.18.0
[38;5;-173m[AndroidUiautomator2Driver@c1b4][0m The following provided capabilities were not recognized by this driver:
[38;5;-173m[AndroidUiautomator2Driver@c1b4][0m   deviceId
[38;5;212m[3ed22cda][0m[38;5;-173m[AndroidUiautomator2Driver@c1b4][0m Session created with session id: 3ed22cda-16f5-4c75-8b87-ca908e105f5b
[38;5;212m[3ed22cda][0m[38;5;229m[ADB][0m Found 1 'build-tools' folders under 'C:\Users\aguss\.katalon\tools\android_sdk' (newest first):
[38;5;212m[3ed22cda][0m[38;5;229m[ADB][0m     C:\Users\aguss\.katalon\tools\android_sdk\build-tools\29.0.3
[38;5;212m[3ed22cda][0m[38;5;229m[ADB][0m Using 'adb.exe' from 'C:\Users\aguss\.katalon\tools\android_sdk\platform-tools\adb.exe'
[38;5;212m[3ed22cda][0m[38;5;-173m[AndroidUiautomator2Driver@c1b4][0m Retrieving device list
[38;5;212m[3ed22cda][0m[38;5;-173m[AndroidUiautomator2Driver@c1b4][0m Using device: emulator-5554
[38;5;212m[3ed22cda][0m[38;5;229m[ADB][0m Using 'adb.exe' from 'C:\Users\aguss\.katalon\tools\android_sdk\platform-tools\adb.exe'
[38;5;212m[3ed22cda][0m[38;5;-173m[AndroidUiautomator2Driver@c1b4][0m Neither 'app' nor 'appPackage' was set. Starting UiAutomator2 without the target application
[38;5;212m[3ed22cda][0m[38;5;229m[ADB][0m Getting device platform version
[38;5;212m[3ed22cda][0m[38;5;-173m[AndroidUiautomator2Driver@c1b4][0m Relaxing hidden api policy
[38;5;212m[3ed22cda][0m[38;5;-173m[AndroidUiautomator2Driver@c1b4][0m No app sent in, not parsing package/activity
[38;5;212m[3ed22cda][0m[38;5;229m[ADB][0m Using 'apksigner.jar' from 'C:\Users\aguss\.katalon\tools\android_sdk\build-tools\29.0.3\lib\apksigner.jar'
[38;5;212m[3ed22cda][0m[38;5;229m[ADB][0m 'C:\Users\aguss\.appium\node_modules\appium-uiautomator2-driver\node_modules\appium-uiautomator2-server\apks\appium-uiautomator2-server-debug-androidTest.apk' is signed with the default certificate
[38;5;212m[3ed22cda][0m[38;5;229m[ADB][0m 'C:\Users\aguss\.appium\node_modules\appium-uiautomator2-driver\node_modules\appium-uiautomator2-server\apks\appium-uiautomator2-server-v6.0.9.apk' is signed with the default certificate
[38;5;212m[3ed22cda][0m[38;5;-173m[AndroidUiautomator2Driver@c1b4][0m Server packages are not going to be (re)installed
[38;5;212m[3ed22cda][0m[38;5;229m[ADB][0m Adding packages ["io.appium.settings","io.appium.uiautomator2.server","io.appium.uiautomator2.server.test"] to Doze whitelist
[38;5;212m[3ed22cda][0m[38;5;-173m[AndroidUiautomator2Driver@c1b4][0m Starting UIAutomator2 server 6.0.9
[38;5;212m[3ed22cda][0m[38;5;-173m[AndroidUiautomator2Driver@c1b4][0m Using UIAutomator2 server from 'C:\Users\aguss\.appium\node_modules\appium-uiautomator2-driver\node_modules\appium-uiautomator2-server\apks\appium-uiautomator2-server-v6.0.9.apk' and test from 'C:\Users\aguss\.appium\node_modules\appium-uiautomator2-driver\node_modules\appium-uiautomator2-server\apks\appium-uiautomator2-server-debug-androidTest.apk'
[38;5;212m[3ed22cda][0m[38;5;-173m[AndroidUiautomator2Driver@c1b4][0m Waiting up to 30000ms for UiAutomator2 to be online...
[38;5;212m[3ed22cda][0m[38;5;-173m[AndroidUiautomator2Driver@c1b4][0m socket hang up
[38;5;212m[3ed22cda][0m[38;5;-173m[AndroidUiautomator2Driver@c1b4][0m socket hang up
[38;5;212m[3ed22cda][0m[38;5;-173m[AndroidUiautomator2Driver@c1b4][0m Determined the downstream protocol as 'W3C'
[38;5;212m[3ed22cda][0m[38;5;-173m[AndroidUiautomator2Driver@c1b4][0m Screen already unlocked, doing nothing
[38;5;212m[3ed22cda][0m[38;5;73m[AppiumDriver@de26][0m New AndroidUiautomator2Driver session created successfully, session 3ed22cda-16f5-4c75-8b87-ca908e105f5b added to master session list
[38;5;212m[3ed22cda][0m[38;5;86m[HTTP][0m [37m<-- POST /wd/hub/session [39m[32m200[39m [90m3735 ms - 1026[39m [90m[39m
[38;5;86m[HTTP][0m [37m-->[39m [37mGET[39m [37m/status[39m [90m{}[39m
[38;5;86m[HTTP][0m [37m<-- GET /status [39m[33m404[39m [90m6 ms - 211[39m [90m[39m
[38;5;212m[3ed22cda][0m[38;5;86m[HTTP][0m [37m-->[39m [37mPOST[39m [37m/wd/hub/session/3ed22cda-16f5-4c75-8b87-ca908e105f5b/timeouts[39m [90m{"implicit":60000}[39m
[38;5;212m[3ed22cda][0m[38;5;86m[HTTP][0m [37m<-- POST /wd/hub/session/3ed22cda-16f5-4c75-8b87-ca908e105f5b/timeouts [39m[32m200[39m [90m2 ms - 14[39m [90m[39m
[38;5;212m[3ed22cda][0m[38;5;86m[HTTP][0m [37m-->[39m [37mPOST[39m [37m/wd/hub/session/3ed22cda-16f5-4c75-8b87-ca908e105f5b/execute/sync[39m [90m{"script":"mobile: getSystemBars","args":[]}[39m
[38;5;212m[3ed22cda][0m[38;5;-173m[AndroidUiautomator2Driver@c1b4][0m Executing method 'mobile: getSystemBars'
[38;5;212m[3ed22cda][0m[38;5;-173m[AndroidUiautomator2Driver@c1b4][0m No windows have been found whose title matches to 'NavigationBar'. Assuming it is invisible. Only the following windows are available: ScreenDecorOverlayBottom,ScreenDecorOverlay,EdgeBackGestureHandler0,Taskbar,NotificationShade,StatusBar,ShellDropTarget,InputMethod
[38;5;212m[3ed22cda][0m[38;5;86m[HTTP][0m [37m<-- POST /wd/hub/session/3ed22cda-16f5-4c75-8b87-ca908e105f5b/execute/sync [39m[32m200[39m [90m95 ms - 145[39m [90m[39m
[38;5;212m[3ed22cda][0m[38;5;86m[HTTP][0m [37m-->[39m [37mPOST[39m [37m/wd/hub/session/3ed22cda-16f5-4c75-8b87-ca908e105f5b/execute/sync[39m [90m{"script":"mobile: activateApp","args":[{"appId":"com.swaglabsmobileapp","bundleId":"com.swaglabsmobileapp"}]}[39m
[38;5;212m[3ed22cda][0m[38;5;-173m[AndroidUiautomator2Driver@c1b4][0m Executing method 'mobile: activateApp'
[38;5;212m[3ed22cda][0m[38;5;86m[HTTP][0m [37m<-- POST /wd/hub/session/3ed22cda-16f5-4c75-8b87-ca908e105f5b/execute/sync [39m[32m200[39m [90m85 ms - 14[39m [90m[39m
[38;5;212m[3ed22cda][0m[38;5;86m[HTTP][0m [37m-->[39m [37mGET[39m [37m/wd/hub/session/3ed22cda-16f5-4c75-8b87-ca908e105f5b/timeouts[39m [90m{}[39m
[38;5;212m[3ed22cda][0m[38;5;86m[HTTP][0m [37m<-- GET /wd/hub/session/3ed22cda-16f5-4c75-8b87-ca908e105f5b/timeouts [39m[32m200[39m [90m1 ms - 46[39m [90m[39m
[38;5;212m[3ed22cda][0m[38;5;86m[HTTP][0m [37m-->[39m [37mPOST[39m [37m/wd/hub/session/3ed22cda-16f5-4c75-8b87-ca908e105f5b/timeouts[39m [90m{"implicit":0}[39m
[38;5;212m[3ed22cda][0m[38;5;86m[HTTP][0m [37m<-- POST /wd/hub/session/3ed22cda-16f5-4c75-8b87-ca908e105f5b/timeouts [39m[32m200[39m [90m2 ms - 14[39m [90m[39m
[38;5;212m[3ed22cda][0m[38;5;86m[HTTP][0m [37m-->[39m [37mPOST[39m [37m/wd/hub/session/3ed22cda-16f5-4c75-8b87-ca908e105f5b/elements[39m [90m{"using":"xpath","value":"//*[@class = 'android.view.ViewGroup' and (@text = '' or . = '')]"}[39m
[38;5;212m[3ed22cda][0m[38;5;86m[HTTP][0m [37m<-- POST /wd/hub/session/3ed22cda-16f5-4c75-8b87-ca908e105f5b/elements [39m[32m200[39m [90m833 ms - 12[39m [90m[39m
[38;5;212m[3ed22cda][0m[38;5;86m[HTTP][0m [37m-->[39m [37mPOST[39m [37m/wd/hub/session/3ed22cda-16f5-4c75-8b87-ca908e105f5b/timeouts[39m [90m{"implicit":0}[39m
[38;5;212m[3ed22cda][0m[38;5;86m[HTTP][0m [37m<-- POST /wd/hub/session/3ed22cda-16f5-4c75-8b87-ca908e105f5b/timeouts [39m[32m200[39m [90m2 ms - 14[39m [90m[39m
[38;5;212m[3ed22cda][0m[38;5;86m[HTTP][0m [37m-->[39m [37mPOST[39m [37m/wd/hub/session/3ed22cda-16f5-4c75-8b87-ca908e105f5b/elements[39m [90m{"using":"xpath","value":"//*[@class = 'android.view.ViewGroup' and (@text = '' or . = '')]"}[39m
[38;5;212m[3ed22cda][0m[38;5;86m[HTTP][0m [37m<-- POST /wd/hub/session/3ed22cda-16f5-4c75-8b87-ca908e105f5b/elements [39m[32m200[39m [90m709 ms - 2187[39m [90m[39m
[38;5;212m[3ed22cda][0m[38;5;86m[HTTP][0m [37m-->[39m [37mPOST[39m [37m/wd/hub/session/3ed22cda-16f5-4c75-8b87-ca908e105f5b/timeouts[39m [90m{"implicit":60000}[39m
[38;5;212m[3ed22cda][0m[38;5;86m[HTTP][0m [37m<-- POST /wd/hub/session/3ed22cda-16f5-4c75-8b87-ca908e105f5b/timeouts [39m[32m200[39m [90m1 ms - 14[39m [90m[39m
[38;5;212m[3ed22cda][0m[38;5;86m[HTTP][0m [37m-->[39m [37mGET[39m [37m/wd/hub/session/3ed22cda-16f5-4c75-8b87-ca908e105f5b/timeouts[39m [90m{}[39m
[38;5;212m[3ed22cda][0m[38;5;86m[HTTP][0m [37m<-- GET /wd/hub/session/3ed22cda-16f5-4c75-8b87-ca908e105f5b/timeouts [39m[32m200[39m [90m1 ms - 46[39m [90m[39m
[38;5;212m[3ed22cda][0m[38;5;86m[HTTP][0m [37m-->[39m [37mPOST[39m [37m/wd/hub/session/3ed22cda-16f5-4c75-8b87-ca908e105f5b/timeouts[39m [90m{"implicit":0}[39m
[38;5;212m[3ed22cda][0m[38;5;86m[HTTP][0m [37m<-- POST /wd/hub/session/3ed22cda-16f5-4c75-8b87-ca908e105f5b/timeouts [39m[32m200[39m [90m1 ms - 14[39m [90m[39m
[38;5;212m[3ed22cda][0m[38;5;86m[HTTP][0m [37m-->[39m [37mPOST[39m [37m/wd/hub/session/3ed22cda-16f5-4c75-8b87-ca908e105f5b/elements[39m [90m{"using":"accessibility id","value":"test-Username"}[39m
[38;5;212m[3ed22cda][0m[38;5;86m[HTTP][0m [37m<-- POST /wd/hub/session/3ed22cda-16f5-4c75-8b87-ca908e105f5b/elements [39m[32m200[39m [90m22 ms - 139[39m [90m[39m
[38;5;212m[3ed22cda][0m[38;5;86m[HTTP][0m [37m-->[39m [37mPOST[39m [37m/wd/hub/session/3ed22cda-16f5-4c75-8b87-ca908e105f5b/timeouts[39m [90m{"implicit":60000}[39m
[38;5;212m[3ed22cda][0m[38;5;86m[HTTP][0m [37m<-- POST /wd/hub/session/3ed22cda-16f5-4c75-8b87-ca908e105f5b/timeouts [39m[32m200[39m [90m1 ms - 14[39m [90m[39m
[38;5;212m[3ed22cda][0m[38;5;86m[HTTP][0m [37m-->[39m [37mPOST[39m [37m/wd/hub/session/3ed22cda-16f5-4c75-8b87-ca908e105f5b/element/00000000-0000-0085-ffff-ffff0000002b/clear[39m [90m{"id":"00000000-0000-0085-ffff-ffff0000002b"}[39m
[38;5;212m[3ed22cda][0m[38;5;86m[HTTP][0m [37m<-- POST /wd/hub/session/3ed22cda-16f5-4c75-8b87-ca908e105f5b/element/00000000-0000-0085-ffff-ffff0000002b/clear [39m[32m200[39m [90m13 ms - 14[39m [90m[39m
[38;5;212m[3ed22cda][0m[38;5;86m[HTTP][0m [37m-->[39m [37mPOST[39m [37m/wd/hub/session/3ed22cda-16f5-4c75-8b87-ca908e105f5b/element/00000000-0000-0085-ffff-ffff0000002b/click[39m [90m{"id":"00000000-0000-0085-ffff-ffff0000002b"}[39m
[38;5;212m[3ed22cda][0m[38;5;86m[HTTP][0m [37m<-- POST /wd/hub/session/3ed22cda-16f5-4c75-8b87-ca908e105f5b/element/00000000-0000-0085-ffff-ffff0000002b/click [39m[32m200[39m [90m553 ms - 14[39m [90m[39m
[38;5;212m[3ed22cda][0m[38;5;86m[HTTP][0m [37m-->[39m [37mPOST[39m [37m/wd/hub/session/3ed22cda-16f5-4c75-8b87-ca908e105f5b/element/00000000-0000-0085-ffff-ffff0000002b/value[39m [90m{"text":"locked_out_user","id":"00000000-0000-0085-ffff-ffff0000002b","value":["l","o","c","k","e","d","_","o","u","t","_","u","s","e","r"]}[39m
[38;5;212m[3ed22cda][0m[38;5;86m[HTTP][0m [37m<-- POST /wd/hub/session/3ed22cda-16f5-4c75-8b87-ca908e105f5b/element/00000000-0000-0085-ffff-ffff0000002b/value [39m[32m200[39m [90m1829 ms - 14[39m [90m[39m
[38;5;212m[3ed22cda][0m[38;5;86m[HTTP][0m [37m-->[39m [37mGET[39m [37m/wd/hub/session/3ed22cda-16f5-4c75-8b87-ca908e105f5b/timeouts[39m [90m{}[39m
[38;5;212m[3ed22cda][0m[38;5;86m[HTTP][0m [37m<-- GET /wd/hub/session/3ed22cda-16f5-4c75-8b87-ca908e105f5b/timeouts [39m[32m200[39m [90m1 ms - 46[39m [90m[39m
[38;5;212m[3ed22cda][0m[38;5;86m[HTTP][0m [37m-->[39m [37mPOST[39m [37m/wd/hub/session/3ed22cda-16f5-4c75-8b87-ca908e105f5b/timeouts[39m [90m{"implicit":0}[39m
[38;5;212m[3ed22cda][0m[38;5;86m[HTTP][0m [37m<-- POST /wd/hub/session/3ed22cda-16f5-4c75-8b87-ca908e105f5b/timeouts [39m[32m200[39m [90m1 ms - 14[39m [90m[39m
[38;5;212m[3ed22cda][0m[38;5;86m[HTTP][0m [37m-->[39m [37mPOST[39m [37m/wd/hub/session/3ed22cda-16f5-4c75-8b87-ca908e105f5b/elements[39m [90m{"using":"xpath","value":"//*[@class = 'android.view.ViewGroup' and (@text = '' or . = '')]"}[39m
[38;5;212m[3ed22cda][0m[38;5;86m[HTTP][0m [37m<-- POST /wd/hub/session/3ed22cda-16f5-4c75-8b87-ca908e105f5b/elements [39m[32m200[39m [90m73 ms - 2187[39m [90m[39m
[38;5;212m[3ed22cda][0m[38;5;86m[HTTP][0m [37m-->[39m [37mPOST[39m [37m/wd/hub/session/3ed22cda-16f5-4c75-8b87-ca908e105f5b/timeouts[39m [90m{"implicit":60000}[39m
[38;5;212m[3ed22cda][0m[38;5;86m[HTTP][0m [37m<-- POST /wd/hub/session/3ed22cda-16f5-4c75-8b87-ca908e105f5b/timeouts [39m[32m200[39m [90m1 ms - 14[39m [90m[39m
[38;5;212m[3ed22cda][0m[38;5;86m[HTTP][0m [37m-->[39m [37mGET[39m [37m/wd/hub/session/3ed22cda-16f5-4c75-8b87-ca908e105f5b/timeouts[39m [90m{}[39m
[38;5;212m[3ed22cda][0m[38;5;86m[HTTP][0m [37m<-- GET /wd/hub/session/3ed22cda-16f5-4c75-8b87-ca908e105f5b/timeouts [39m[32m200[39m [90m1 ms - 46[39m [90m[39m
[38;5;212m[3ed22cda][0m[38;5;86m[HTTP][0m [37m-->[39m [37mPOST[39m [37m/wd/hub/session/3ed22cda-16f5-4c75-8b87-ca908e105f5b/timeouts[39m [90m{"implicit":0}[39m
[38;5;212m[3ed22cda][0m[38;5;86m[HTTP][0m [37m<-- POST /wd/hub/session/3ed22cda-16f5-4c75-8b87-ca908e105f5b/timeouts [39m[32m200[39m [90m1 ms - 14[39m [90m[39m
[38;5;212m[3ed22cda][0m[38;5;86m[HTTP][0m [37m-->[39m [37mPOST[39m [37m/wd/hub/session/3ed22cda-16f5-4c75-8b87-ca908e105f5b/elements[39m [90m{"using":"accessibility id","value":"test-Password"}[39m
[38;5;212m[3ed22cda][0m[38;5;86m[HTTP][0m [37m<-- POST /wd/hub/session/3ed22cda-16f5-4c75-8b87-ca908e105f5b/elements [39m[32m200[39m [90m21 ms - 139[39m [90m[39m
[38;5;212m[3ed22cda][0m[38;5;86m[HTTP][0m [37m-->[39m [37mPOST[39m [37m/wd/hub/session/3ed22cda-16f5-4c75-8b87-ca908e105f5b/timeouts[39m [90m{"implicit":60000}[39m
[38;5;212m[3ed22cda][0m[38;5;86m[HTTP][0m [37m<-- POST /wd/hub/session/3ed22cda-16f5-4c75-8b87-ca908e105f5b/timeouts [39m[32m200[39m [90m1 ms - 14[39m [90m[39m
[38;5;212m[3ed22cda][0m[38;5;86m[HTTP][0m [37m-->[39m [37mPOST[39m [37m/wd/hub/session/3ed22cda-16f5-4c75-8b87-ca908e105f5b/element/00000000-0000-0085-ffff-ffff0000002e/clear[39m [90m{"id":"00000000-0000-0085-ffff-ffff0000002e"}[39m
[38;5;212m[3ed22cda][0m[38;5;86m[HTTP][0m [37m<-- POST /wd/hub/session/3ed22cda-16f5-4c75-8b87-ca908e105f5b/element/00000000-0000-0085-ffff-ffff0000002e/clear [39m[32m200[39m [90m13 ms - 14[39m [90m[39m
[38;5;212m[3ed22cda][0m[38;5;86m[HTTP][0m [37m-->[39m [37mPOST[39m [37m/wd/hub/session/3ed22cda-16f5-4c75-8b87-ca908e105f5b/element/00000000-0000-0085-ffff-ffff0000002e/click[39m [90m{"id":"00000000-0000-0085-ffff-ffff0000002e"}[39m
[38;5;212m[3ed22cda][0m[38;5;86m[HTTP][0m [37m<-- POST /wd/hub/session/3ed22cda-16f5-4c75-8b87-ca908e105f5b/element/00000000-0000-0085-ffff-ffff0000002e/click [39m[32m200[39m [90m1257 ms - 14[39m [90m[39m
[38;5;212m[3ed22cda][0m[38;5;86m[HTTP][0m [37m-->[39m [37mPOST[39m [37m/wd/hub/session/3ed22cda-16f5-4c75-8b87-ca908e105f5b/element/00000000-0000-0085-ffff-ffff0000002e/value[39m [90m{"text":"secret_sauce","id":"00000000-0000-0085-ffff-ffff0000002e","value":["s","e","c","r","e","t","_","s","a","u","c","e"]}[39m
[38;5;212m[3ed22cda][0m[38;5;86m[HTTP][0m [37m<-- POST /wd/hub/session/3ed22cda-16f5-4c75-8b87-ca908e105f5b/element/00000000-0000-0085-ffff-ffff0000002e/value [39m[32m200[39m [90m647 ms - 14[39m [90m[39m
[38;5;212m[3ed22cda][0m[38;5;86m[HTTP][0m [37m-->[39m [37mGET[39m [37m/wd/hub/session/3ed22cda-16f5-4c75-8b87-ca908e105f5b/timeouts[39m [90m{}[39m
[38;5;212m[3ed22cda][0m[38;5;86m[HTTP][0m [37m<-- GET /wd/hub/session/3ed22cda-16f5-4c75-8b87-ca908e105f5b/timeouts [39m[32m200[39m [90m1 ms - 46[39m [90m[39m
[38;5;212m[3ed22cda][0m[38;5;86m[HTTP][0m [37m-->[39m [37mPOST[39m [37m/wd/hub/session/3ed22cda-16f5-4c75-8b87-ca908e105f5b/timeouts[39m [90m{"implicit":0}[39m
[38;5;212m[3ed22cda][0m[38;5;86m[HTTP][0m [37m<-- POST /wd/hub/session/3ed22cda-16f5-4c75-8b87-ca908e105f5b/timeouts [39m[32m200[39m [90m1 ms - 14[39m [90m[39m
[38;5;212m[3ed22cda][0m[38;5;86m[HTTP][0m [37m-->[39m [37mPOST[39m [37m/wd/hub/session/3ed22cda-16f5-4c75-8b87-ca908e105f5b/elements[39m [90m{"using":"accessibility id","value":"test-LOGIN"}[39m
[38;5;212m[3ed22cda][0m[38;5;86m[HTTP][0m [37m<-- POST /wd/hub/session/3ed22cda-16f5-4c75-8b87-ca908e105f5b/elements [39m[32m200[39m [90m605 ms - 139[39m [90m[39m
[38;5;212m[3ed22cda][0m[38;5;86m[HTTP][0m [37m-->[39m [37mPOST[39m [37m/wd/hub/session/3ed22cda-16f5-4c75-8b87-ca908e105f5b/timeouts[39m [90m{"implicit":60000}[39m
[38;5;212m[3ed22cda][0m[38;5;86m[HTTP][0m [37m<-- POST /wd/hub/session/3ed22cda-16f5-4c75-8b87-ca908e105f5b/timeouts [39m[32m200[39m [90m1 ms - 14[39m [90m[39m
[38;5;212m[3ed22cda][0m[38;5;86m[HTTP][0m [37m-->[39m [37mGET[39m [37m/wd/hub/session/3ed22cda-16f5-4c75-8b87-ca908e105f5b/timeouts[39m [90m{}[39m
[38;5;212m[3ed22cda][0m[38;5;86m[HTTP][0m [37m<-- GET /wd/hub/session/3ed22cda-16f5-4c75-8b87-ca908e105f5b/timeouts [39m[32m200[39m [90m1 ms - 46[39m [90m[39m
[38;5;212m[3ed22cda][0m[38;5;86m[HTTP][0m [37m-->[39m [37mPOST[39m [37m/wd/hub/session/3ed22cda-16f5-4c75-8b87-ca908e105f5b/timeouts[39m [90m{"implicit":0}[39m
[38;5;212m[3ed22cda][0m[38;5;86m[HTTP][0m [37m<-- POST /wd/hub/session/3ed22cda-16f5-4c75-8b87-ca908e105f5b/timeouts [39m[32m200[39m [90m1 ms - 14[39m [90m[39m
[38;5;212m[3ed22cda][0m[38;5;86m[HTTP][0m [37m-->[39m [37mPOST[39m [37m/wd/hub/session/3ed22cda-16f5-4c75-8b87-ca908e105f5b/elements[39m [90m{"using":"accessibility id","value":"test-LOGIN"}[39m
[38;5;212m[3ed22cda][0m[38;5;86m[HTTP][0m [37m<-- POST /wd/hub/session/3ed22cda-16f5-4c75-8b87-ca908e105f5b/elements [39m[32m200[39m [90m19 ms - 139[39m [90m[39m
[38;5;212m[3ed22cda][0m[38;5;86m[HTTP][0m [37m-->[39m [37mPOST[39m [37m/wd/hub/session/3ed22cda-16f5-4c75-8b87-ca908e105f5b/timeouts[39m [90m{"implicit":60000}[39m
[38;5;212m[3ed22cda][0m[38;5;86m[HTTP][0m [37m<-- POST /wd/hub/session/3ed22cda-16f5-4c75-8b87-ca908e105f5b/timeouts [39m[32m200[39m [90m1 ms - 14[39m [90m[39m
[38;5;212m[3ed22cda][0m[38;5;86m[HTTP][0m [37m-->[39m [37mPOST[39m [37m/wd/hub/session/3ed22cda-16f5-4c75-8b87-ca908e105f5b/element/00000000-0000-0085-ffff-ffff0000002f/click[39m [90m{"id":"00000000-0000-0085-ffff-ffff0000002f"}[39m
[38;5;212m[3ed22cda][0m[38;5;86m[HTTP][0m [37m<-- POST /wd/hub/session/3ed22cda-16f5-4c75-8b87-ca908e105f5b/element/00000000-0000-0085-ffff-ffff0000002f/click [39m[32m200[39m [90m43 ms - 14[39m [90m[39m
[38;5;212m[3ed22cda][0m[38;5;86m[HTTP][0m [37m-->[39m [37mGET[39m [37m/wd/hub/session/3ed22cda-16f5-4c75-8b87-ca908e105f5b/timeouts[39m [90m{}[39m
[38;5;212m[3ed22cda][0m[38;5;86m[HTTP][0m [37m<-- GET /wd/hub/session/3ed22cda-16f5-4c75-8b87-ca908e105f5b/timeouts [39m[32m200[39m [90m1 ms - 46[39m [90m[39m
[38;5;212m[3ed22cda][0m[38;5;86m[HTTP][0m [37m-->[39m [37mPOST[39m [37m/wd/hub/session/3ed22cda-16f5-4c75-8b87-ca908e105f5b/timeouts[39m [90m{"implicit":0}[39m
[38;5;212m[3ed22cda][0m[38;5;86m[HTTP][0m [37m<-- POST /wd/hub/session/3ed22cda-16f5-4c75-8b87-ca908e105f5b/timeouts [39m[32m200[39m [90m1 ms - 14[39m [90m[39m
[38;5;212m[3ed22cda][0m[38;5;86m[HTTP][0m [37m-->[39m [37mPOST[39m [37m/wd/hub/session/3ed22cda-16f5-4c75-8b87-ca908e105f5b/elements[39m [90m{"using":"xpath","value":"//*[@class = 'android.widget.TextView' and (@text = 'Sorry, this user has been locked out.' or . = 'Sorry, this user has been locked out.')]"}[39m
[38;5;212m[3ed22cda][0m[38;5;86m[HTTP][0m [37m<-- POST /wd/hub/session/3ed22cda-16f5-4c75-8b87-ca908e105f5b/elements [39m[32m200[39m [90m653 ms - 139[39m [90m[39m
[38;5;212m[3ed22cda][0m[38;5;86m[HTTP][0m [37m-->[39m [37mPOST[39m [37m/wd/hub/session/3ed22cda-16f5-4c75-8b87-ca908e105f5b/timeouts[39m [90m{"implicit":60000}[39m
[38;5;212m[3ed22cda][0m[38;5;86m[HTTP][0m [37m<-- POST /wd/hub/session/3ed22cda-16f5-4c75-8b87-ca908e105f5b/timeouts [39m[32m200[39m [90m1 ms - 14[39m [90m[39m
[38;5;212m[3ed22cda][0m[38;5;86m[HTTP][0m [37m-->[39m [37mGET[39m [37m/wd/hub/session/3ed22cda-16f5-4c75-8b87-ca908e105f5b/element/00000000-0000-0085-ffff-ffff0000003d/text[39m [90m{}[39m
[38;5;212m[3ed22cda][0m[38;5;-173m[AndroidUiautomator2Driver@c1b4][0m Driver proxy active, passing request on via HTTP proxy
[38;5;212m[3ed22cda][0m[38;5;-173m[AndroidUiautomator2Driver@c1b4][0m Replacing sessionId e7530b96-1dbf-4ddb-9590-fc780778c6ed with 3ed22cda-16f5-4c75-8b87-ca908e105f5b
[38;5;212m[3ed22cda][0m[38;5;86m[HTTP][0m [37m<-- GET /wd/hub/session/3ed22cda-16f5-4c75-8b87-ca908e105f5b/element/00000000-0000-0085-ffff-ffff0000003d/text [39m[32m200[39m [90m14 ms - 100[39m [90m[39m
[38;5;212m[3ed22cda][0m[38;5;86m[HTTP][0m [37m-->[39m [37mPOST[39m [37m/wd/hub/session/3ed22cda-16f5-4c75-8b87-ca908e105f5b/execute/sync[39m [90m{"script":"mobile: getCurrentPackage","args":[]}[39m
[38;5;212m[3ed22cda][0m[38;5;-173m[AndroidUiautomator2Driver@c1b4][0m Executing method 'mobile: getCurrentPackage'
[38;5;212m[3ed22cda][0m[38;5;86m[HTTP][0m [37m<-- POST /wd/hub/session/3ed22cda-16f5-4c75-8b87-ca908e105f5b/execute/sync [39m[32m200[39m [90m35 ms - 33[39m [90m[39m
[38;5;212m[3ed22cda][0m[38;5;86m[HTTP][0m [37m-->[39m [37mPOST[39m [37m/wd/hub/session/3ed22cda-16f5-4c75-8b87-ca908e105f5b/execute/sync[39m [90m{"script":"mobile: terminateApp","args":[{"appId":"com.swaglabsmobileapp","bundleId":"com.swaglabsmobileapp"}]}[39m
[38;5;212m[3ed22cda][0m[38;5;-173m[AndroidUiautomator2Driver@c1b4][0m Executing method 'mobile: terminateApp'
[38;5;212m[3ed22cda][0m[38;5;-173m[AndroidUiautomator2Driver@c1b4][0m Terminating 'com.swaglabsmobileapp'
[38;5;212m[3ed22cda][0m[38;5;-173m[AndroidUiautomator2Driver@c1b4][0m Querying the state of 'com.swaglabsmobileapp'
[38;5;212m[3ed22cda][0m[38;5;-173m[AndroidUiautomator2Driver@c1b4][0m 'com.swaglabsmobileapp' has been successfully terminated
[38;5;212m[3ed22cda][0m[38;5;86m[HTTP][0m [37m<-- POST /wd/hub/session/3ed22cda-16f5-4c75-8b87-ca908e105f5b/execute/sync [39m[32m200[39m [90m288 ms - 14[39m [90m[39m
[38;5;212m[3ed22cda][0m[38;5;86m[HTTP][0m [37m-->[39m [37mDELETE[39m [37m/wd/hub/session/3ed22cda-16f5-4c75-8b87-ca908e105f5b[39m [90m{}[39m
[38;5;212m[3ed22cda][0m[38;5;73m[AppiumDriver@de26][0m Removing session 3ed22cda-16f5-4c75-8b87-ca908e105f5b from our master session list
[38;5;212m[3ed22cda][0m[38;5;-173m[AndroidUiautomator2Driver@c1b4][0m Restoring hidden api policy to the device default configuration
[38;5;212m[3ed22cda][0m[38;5;86m[HTTP][0m [37m<-- DELETE /wd/hub/session/3ed22cda-16f5-4c75-8b87-ca908e105f5b [39m[32m200[39m [90m135 ms - 14[39m [90m[39m
