[38;5;112m[Appium][0m Welcome to Appium v2.11.5
[38;5;112m[Appium][0m Non-default server args:
[38;5;112m[Appium][0m { basePath: [32m'/wd/hub'[39m, loglevel: [32m'info'[39m, port: [33m50843[39m }
[38;5;112m[Appium][0m Attempting to load driver uiautomator2...
[38;5;112m[Appium][0m Appium REST http interface listener started on http://0.0.0.0:50843/wd/hub
[38;5;112m[Appium][0m You can provide the following URLs in your client code to connect to this server:
	http://192.168.1.3:50843/wd/hub
	http://127.0.0.1:50843/wd/hub (only accessible from the same host)
[38;5;112m[Appium][0m Available drivers:
[38;5;112m[Appium][0m   - uiautomator2@2.45.1 (automationName 'UiAutomator2')
[38;5;112m[Appium][0m No plugins have been installed. Use the "appium plugin" command to install the one(s) you want to use.
[38;5;86m[HTTP][0m [37m-->[39m [37mGET[39m [37m/wd/hub/status[39m [90m{}[39m
[38;5;86m[HTTP][0m [37m<-- GET /wd/hub/status [39m[32m200[39m [90m4 ms - 111[39m [90m[39m
[38;5;86m[HTTP][0m [37m-->[39m [37mPOST[39m [37m/wd/hub/session[39m [90m{"capabilities":{"firstMatch":[{"appium:autoGrantPermissions":true,"appium:automationName":"uiautomator2","appium:deviceId":"","appium:deviceName":"emulator-5554 (sdk_gphone64_x86_64 - Android 15)","appium:newCommandTimeout":1800,"appium:platformVersion":"15","appium:systemPort":8260,"appium:udid":"emulator-5554","platformName":"ANDROID"}]},"desiredCapabilities":{"appium:autoGrantPermissions":true,"appium:automationName":"uiautomator2","appium:deviceId":"","appium:deviceName":"emulator-5554 (sdk_gphone64_x86_64 - Android 15)","appium:newCommandTimeout":1800,"appium:platformVersion":"15","appium:systemPort":8260,"appium:udid":"emulator-5554","platformName":"ANDROID"}}[39m
[38;5;112m[Appium][0m Attempting to find matching driver for automationName 'uiautomator2' and platformName 'ANDROID'
[38;5;112m[Appium][0m The 'uiautomator2' driver was installed and matched caps.
[38;5;112m[Appium][0m Will require it at C:\Users\aguss\.appium\node_modules\appium-uiautomator2-driver
[38;5;194m[AppiumDriver@2e21][0m Appium v2.11.5 creating new AndroidUiautomator2Driver (v2.45.1) session
[38;5;194m[AppiumDriver@2e21][0m Checking BaseDriver versions for Appium and AndroidUiautomator2Driver
[38;5;194m[AppiumDriver@2e21][0m Appium's BaseDriver version is 9.18.0
[38;5;194m[AppiumDriver@2e21][0m AndroidUiautomator2Driver's BaseDriver version is 9.18.0
[38;5;-71m[AndroidUiautomator2Driver@30d1][0m The following provided capabilities were not recognized by this driver:
[38;5;-71m[AndroidUiautomator2Driver@30d1][0m   deviceId
[38;5;105m[1ff30377][0m[38;5;-71m[AndroidUiautomator2Driver@30d1][0m Session created with session id: 1ff30377-1287-4817-8ed4-f12c7add9f4c
[38;5;105m[1ff30377][0m[38;5;229m[ADB][0m Found 1 'build-tools' folders under 'C:\Users\aguss\.katalon\tools\android_sdk' (newest first):
[38;5;105m[1ff30377][0m[38;5;229m[ADB][0m     C:\Users\aguss\.katalon\tools\android_sdk\build-tools\29.0.3
[38;5;105m[1ff30377][0m[38;5;229m[ADB][0m Using 'adb.exe' from 'C:\Users\aguss\.katalon\tools\android_sdk\platform-tools\adb.exe'
[38;5;105m[1ff30377][0m[38;5;-71m[AndroidUiautomator2Driver@30d1][0m Retrieving device list
[38;5;105m[1ff30377][0m[38;5;-71m[AndroidUiautomator2Driver@30d1][0m Using device: emulator-5554
[38;5;105m[1ff30377][0m[38;5;229m[ADB][0m Using 'adb.exe' from 'C:\Users\aguss\.katalon\tools\android_sdk\platform-tools\adb.exe'
[38;5;105m[1ff30377][0m[38;5;-71m[AndroidUiautomator2Driver@30d1][0m Neither 'app' nor 'appPackage' was set. Starting UiAutomator2 without the target application
[38;5;105m[1ff30377][0m[38;5;229m[ADB][0m Getting device platform version
[38;5;105m[1ff30377][0m[38;5;-71m[AndroidUiautomator2Driver@30d1][0m Relaxing hidden api policy
[38;5;105m[1ff30377][0m[38;5;-71m[AndroidUiautomator2Driver@30d1][0m No app sent in, not parsing package/activity
[38;5;105m[1ff30377][0m[38;5;229m[ADB][0m Using 'apksigner.jar' from 'C:\Users\aguss\.katalon\tools\android_sdk\build-tools\29.0.3\lib\apksigner.jar'
[38;5;105m[1ff30377][0m[38;5;229m[ADB][0m 'C:\Users\aguss\.appium\node_modules\appium-uiautomator2-driver\node_modules\appium-uiautomator2-server\apks\appium-uiautomator2-server-debug-androidTest.apk' is signed with the default certificate
[38;5;105m[1ff30377][0m[38;5;229m[ADB][0m 'C:\Users\aguss\.appium\node_modules\appium-uiautomator2-driver\node_modules\appium-uiautomator2-server\apks\appium-uiautomator2-server-v6.0.9.apk' is signed with the default certificate
[38;5;105m[1ff30377][0m[38;5;-71m[AndroidUiautomator2Driver@30d1][0m Server packages are not going to be (re)installed
[38;5;105m[1ff30377][0m[38;5;229m[ADB][0m Adding packages ["io.appium.settings","io.appium.uiautomator2.server","io.appium.uiautomator2.server.test"] to Doze whitelist
[38;5;105m[1ff30377][0m[38;5;-71m[AndroidUiautomator2Driver@30d1][0m Starting UIAutomator2 server 6.0.9
[38;5;105m[1ff30377][0m[38;5;-71m[AndroidUiautomator2Driver@30d1][0m Using UIAutomator2 server from 'C:\Users\aguss\.appium\node_modules\appium-uiautomator2-driver\node_modules\appium-uiautomator2-server\apks\appium-uiautomator2-server-v6.0.9.apk' and test from 'C:\Users\aguss\.appium\node_modules\appium-uiautomator2-driver\node_modules\appium-uiautomator2-server\apks\appium-uiautomator2-server-debug-androidTest.apk'
[38;5;105m[1ff30377][0m[38;5;-71m[AndroidUiautomator2Driver@30d1][0m Waiting up to 30000ms for UiAutomator2 to be online...
[38;5;105m[1ff30377][0m[38;5;-71m[AndroidUiautomator2Driver@30d1][0m socket hang up
[38;5;105m[1ff30377][0m[38;5;-71m[AndroidUiautomator2Driver@30d1][0m socket hang up
[38;5;105m[1ff30377][0m[38;5;-71m[AndroidUiautomator2Driver@30d1][0m socket hang up
[38;5;105m[1ff30377][0m[38;5;-71m[AndroidUiautomator2Driver@30d1][0m Determined the downstream protocol as 'W3C'
[38;5;105m[1ff30377][0m[38;5;-71m[AndroidUiautomator2Driver@30d1][0m Screen already unlocked, doing nothing
[38;5;105m[1ff30377][0m[38;5;194m[AppiumDriver@2e21][0m New AndroidUiautomator2Driver session created successfully, session 1ff30377-1287-4817-8ed4-f12c7add9f4c added to master session list
[38;5;105m[1ff30377][0m[38;5;86m[HTTP][0m [37m<-- POST /wd/hub/session [39m[32m200[39m [90m5343 ms - 1026[39m [90m[39m
[38;5;86m[HTTP][0m [37m-->[39m [37mGET[39m [37m/status[39m [90m{}[39m
[38;5;86m[HTTP][0m [37m<-- GET /status [39m[33m404[39m [90m8 ms - 211[39m [90m[39m
[38;5;105m[1ff30377][0m[38;5;86m[HTTP][0m [37m-->[39m [37mPOST[39m [37m/wd/hub/session/1ff30377-1287-4817-8ed4-f12c7add9f4c/timeouts[39m [90m{"implicit":60000}[39m
[38;5;105m[1ff30377][0m[38;5;86m[HTTP][0m [37m<-- POST /wd/hub/session/1ff30377-1287-4817-8ed4-f12c7add9f4c/timeouts [39m[32m200[39m [90m3 ms - 14[39m [90m[39m
[38;5;105m[1ff30377][0m[38;5;86m[HTTP][0m [37m-->[39m [37mPOST[39m [37m/wd/hub/session/1ff30377-1287-4817-8ed4-f12c7add9f4c/execute/sync[39m [90m{"script":"mobile: getSystemBars","args":[]}[39m
[38;5;105m[1ff30377][0m[38;5;-71m[AndroidUiautomator2Driver@30d1][0m Executing method 'mobile: getSystemBars'
[38;5;105m[1ff30377][0m[38;5;-71m[AndroidUiautomator2Driver@30d1][0m No windows have been found whose title matches to 'NavigationBar'. Assuming it is invisible. Only the following windows are available: ScreenDecorOverlayBottom,ScreenDecorOverlay,EdgeBackGestureHandler0,Taskbar,NotificationShade,StatusBar,ShellDropTarget,InputMethod
[38;5;105m[1ff30377][0m[38;5;86m[HTTP][0m [37m<-- POST /wd/hub/session/1ff30377-1287-4817-8ed4-f12c7add9f4c/execute/sync [39m[32m200[39m [90m65 ms - 145[39m [90m[39m
[38;5;105m[1ff30377][0m[38;5;86m[HTTP][0m [37m-->[39m [37mPOST[39m [37m/wd/hub/session/1ff30377-1287-4817-8ed4-f12c7add9f4c/execute/sync[39m [90m{"script":"mobile: activateApp","args":[{"appId":"com.swaglabsmobileapp","bundleId":"com.swaglabsmobileapp"}]}[39m
[38;5;105m[1ff30377][0m[38;5;-71m[AndroidUiautomator2Driver@30d1][0m Executing method 'mobile: activateApp'
[38;5;105m[1ff30377][0m[38;5;86m[HTTP][0m [37m<-- POST /wd/hub/session/1ff30377-1287-4817-8ed4-f12c7add9f4c/execute/sync [39m[32m200[39m [90m92 ms - 14[39m [90m[39m
[38;5;105m[1ff30377][0m[38;5;86m[HTTP][0m [37m-->[39m [37mGET[39m [37m/wd/hub/session/1ff30377-1287-4817-8ed4-f12c7add9f4c/timeouts[39m [90m{}[39m
[38;5;105m[1ff30377][0m[38;5;86m[HTTP][0m [37m<-- GET /wd/hub/session/1ff30377-1287-4817-8ed4-f12c7add9f4c/timeouts [39m[32m200[39m [90m2 ms - 46[39m [90m[39m
[38;5;105m[1ff30377][0m[38;5;86m[HTTP][0m [37m-->[39m [37mPOST[39m [37m/wd/hub/session/1ff30377-1287-4817-8ed4-f12c7add9f4c/timeouts[39m [90m{"implicit":0}[39m
[38;5;105m[1ff30377][0m[38;5;86m[HTTP][0m [37m<-- POST /wd/hub/session/1ff30377-1287-4817-8ed4-f12c7add9f4c/timeouts [39m[32m200[39m [90m2 ms - 14[39m [90m[39m
[38;5;105m[1ff30377][0m[38;5;86m[HTTP][0m [37m-->[39m [37mPOST[39m [37m/wd/hub/session/1ff30377-1287-4817-8ed4-f12c7add9f4c/elements[39m [90m{"using":"xpath","value":"//*[@class = 'android.view.ViewGroup' and (@text = '' or . = '')]"}[39m
[38;5;105m[1ff30377][0m[38;5;86m[HTTP][0m [37m<-- POST /wd/hub/session/1ff30377-1287-4817-8ed4-f12c7add9f4c/elements [39m[32m200[39m [90m1132 ms - 12[39m [90m[39m
[38;5;105m[1ff30377][0m[38;5;86m[HTTP][0m [37m-->[39m [37mPOST[39m [37m/wd/hub/session/1ff30377-1287-4817-8ed4-f12c7add9f4c/timeouts[39m [90m{"implicit":0}[39m
[38;5;105m[1ff30377][0m[38;5;86m[HTTP][0m [37m<-- POST /wd/hub/session/1ff30377-1287-4817-8ed4-f12c7add9f4c/timeouts [39m[32m200[39m [90m3 ms - 14[39m [90m[39m
[38;5;105m[1ff30377][0m[38;5;86m[HTTP][0m [37m-->[39m [37mPOST[39m [37m/wd/hub/session/1ff30377-1287-4817-8ed4-f12c7add9f4c/elements[39m [90m{"using":"xpath","value":"//*[@class = 'android.view.ViewGroup' and (@text = '' or . = '')]"}[39m
[38;5;105m[1ff30377][0m[38;5;86m[HTTP][0m [37m<-- POST /wd/hub/session/1ff30377-1287-4817-8ed4-f12c7add9f4c/elements [39m[32m200[39m [90m865 ms - 2187[39m [90m[39m
[38;5;105m[1ff30377][0m[38;5;86m[HTTP][0m [37m-->[39m [37mPOST[39m [37m/wd/hub/session/1ff30377-1287-4817-8ed4-f12c7add9f4c/timeouts[39m [90m{"implicit":60000}[39m
[38;5;105m[1ff30377][0m[38;5;86m[HTTP][0m [37m<-- POST /wd/hub/session/1ff30377-1287-4817-8ed4-f12c7add9f4c/timeouts [39m[32m200[39m [90m1 ms - 14[39m [90m[39m
[38;5;105m[1ff30377][0m[38;5;86m[HTTP][0m [37m-->[39m [37mGET[39m [37m/wd/hub/session/1ff30377-1287-4817-8ed4-f12c7add9f4c/timeouts[39m [90m{}[39m
[38;5;105m[1ff30377][0m[38;5;86m[HTTP][0m [37m<-- GET /wd/hub/session/1ff30377-1287-4817-8ed4-f12c7add9f4c/timeouts [39m[32m200[39m [90m1 ms - 46[39m [90m[39m
[38;5;105m[1ff30377][0m[38;5;86m[HTTP][0m [37m-->[39m [37mPOST[39m [37m/wd/hub/session/1ff30377-1287-4817-8ed4-f12c7add9f4c/timeouts[39m [90m{"implicit":0}[39m
[38;5;105m[1ff30377][0m[38;5;86m[HTTP][0m [37m<-- POST /wd/hub/session/1ff30377-1287-4817-8ed4-f12c7add9f4c/timeouts [39m[32m200[39m [90m1 ms - 14[39m [90m[39m
[38;5;105m[1ff30377][0m[38;5;86m[HTTP][0m [37m-->[39m [37mPOST[39m [37m/wd/hub/session/1ff30377-1287-4817-8ed4-f12c7add9f4c/elements[39m [90m{"using":"accessibility id","value":"test-Username"}[39m
[38;5;105m[1ff30377][0m[38;5;86m[HTTP][0m [37m<-- POST /wd/hub/session/1ff30377-1287-4817-8ed4-f12c7add9f4c/elements [39m[32m200[39m [90m29 ms - 139[39m [90m[39m
[38;5;105m[1ff30377][0m[38;5;86m[HTTP][0m [37m-->[39m [37mPOST[39m [37m/wd/hub/session/1ff30377-1287-4817-8ed4-f12c7add9f4c/timeouts[39m [90m{"implicit":60000}[39m
[38;5;105m[1ff30377][0m[38;5;86m[HTTP][0m [37m<-- POST /wd/hub/session/1ff30377-1287-4817-8ed4-f12c7add9f4c/timeouts [39m[32m200[39m [90m1 ms - 14[39m [90m[39m
[38;5;105m[1ff30377][0m[38;5;86m[HTTP][0m [37m-->[39m [37mPOST[39m [37m/wd/hub/session/1ff30377-1287-4817-8ed4-f12c7add9f4c/element/00000000-0000-00cd-ffff-ffff0000002b/clear[39m [90m{"id":"00000000-0000-00cd-ffff-ffff0000002b"}[39m
[38;5;105m[1ff30377][0m[38;5;86m[HTTP][0m [37m<-- POST /wd/hub/session/1ff30377-1287-4817-8ed4-f12c7add9f4c/element/00000000-0000-00cd-ffff-ffff0000002b/clear [39m[32m200[39m [90m16 ms - 14[39m [90m[39m
[38;5;105m[1ff30377][0m[38;5;86m[HTTP][0m [37m-->[39m [37mPOST[39m [37m/wd/hub/session/1ff30377-1287-4817-8ed4-f12c7add9f4c/element/00000000-0000-00cd-ffff-ffff0000002b/click[39m [90m{"id":"00000000-0000-00cd-ffff-ffff0000002b"}[39m
[38;5;105m[1ff30377][0m[38;5;86m[HTTP][0m [37m<-- POST /wd/hub/session/1ff30377-1287-4817-8ed4-f12c7add9f4c/element/00000000-0000-00cd-ffff-ffff0000002b/click [39m[32m200[39m [90m582 ms - 14[39m [90m[39m
[38;5;105m[1ff30377][0m[38;5;86m[HTTP][0m [37m-->[39m [37mPOST[39m [37m/wd/hub/session/1ff30377-1287-4817-8ed4-f12c7add9f4c/element/00000000-0000-00cd-ffff-ffff0000002b/value[39m [90m{"id":"00000000-0000-00cd-ffff-ffff0000002b","value":["l","o","c","k","e","d","_","o","u","t","_","u","s","e","r"],"text":"locked_out_user"}[39m
[38;5;105m[1ff30377][0m[38;5;86m[HTTP][0m [37m<-- POST /wd/hub/session/1ff30377-1287-4817-8ed4-f12c7add9f4c/element/00000000-0000-00cd-ffff-ffff0000002b/value [39m[32m200[39m [90m1883 ms - 14[39m [90m[39m
[38;5;105m[1ff30377][0m[38;5;86m[HTTP][0m [37m-->[39m [37mGET[39m [37m/wd/hub/session/1ff30377-1287-4817-8ed4-f12c7add9f4c/timeouts[39m [90m{}[39m
[38;5;105m[1ff30377][0m[38;5;86m[HTTP][0m [37m<-- GET /wd/hub/session/1ff30377-1287-4817-8ed4-f12c7add9f4c/timeouts [39m[32m200[39m [90m1 ms - 46[39m [90m[39m
[38;5;105m[1ff30377][0m[38;5;86m[HTTP][0m [37m-->[39m [37mPOST[39m [37m/wd/hub/session/1ff30377-1287-4817-8ed4-f12c7add9f4c/timeouts[39m [90m{"implicit":0}[39m
[38;5;105m[1ff30377][0m[38;5;86m[HTTP][0m [37m<-- POST /wd/hub/session/1ff30377-1287-4817-8ed4-f12c7add9f4c/timeouts [39m[32m200[39m [90m2 ms - 14[39m [90m[39m
[38;5;105m[1ff30377][0m[38;5;86m[HTTP][0m [37m-->[39m [37mPOST[39m [37m/wd/hub/session/1ff30377-1287-4817-8ed4-f12c7add9f4c/elements[39m [90m{"using":"xpath","value":"//*[@class = 'android.view.ViewGroup' and (@text = '' or . = '')]"}[39m
[38;5;105m[1ff30377][0m[38;5;86m[HTTP][0m [37m<-- POST /wd/hub/session/1ff30377-1287-4817-8ed4-f12c7add9f4c/elements [39m[32m200[39m [90m691 ms - 2187[39m [90m[39m
[38;5;105m[1ff30377][0m[38;5;86m[HTTP][0m [37m-->[39m [37mPOST[39m [37m/wd/hub/session/1ff30377-1287-4817-8ed4-f12c7add9f4c/timeouts[39m [90m{"implicit":60000}[39m
[38;5;105m[1ff30377][0m[38;5;86m[HTTP][0m [37m<-- POST /wd/hub/session/1ff30377-1287-4817-8ed4-f12c7add9f4c/timeouts [39m[32m200[39m [90m2 ms - 14[39m [90m[39m
[38;5;105m[1ff30377][0m[38;5;86m[HTTP][0m [37m-->[39m [37mGET[39m [37m/wd/hub/session/1ff30377-1287-4817-8ed4-f12c7add9f4c/timeouts[39m [90m{}[39m
[38;5;105m[1ff30377][0m[38;5;86m[HTTP][0m [37m<-- GET /wd/hub/session/1ff30377-1287-4817-8ed4-f12c7add9f4c/timeouts [39m[32m200[39m [90m1 ms - 46[39m [90m[39m
[38;5;105m[1ff30377][0m[38;5;86m[HTTP][0m [37m-->[39m [37mPOST[39m [37m/wd/hub/session/1ff30377-1287-4817-8ed4-f12c7add9f4c/timeouts[39m [90m{"implicit":0}[39m
[38;5;105m[1ff30377][0m[38;5;86m[HTTP][0m [37m<-- POST /wd/hub/session/1ff30377-1287-4817-8ed4-f12c7add9f4c/timeouts [39m[32m200[39m [90m1 ms - 14[39m [90m[39m
[38;5;105m[1ff30377][0m[38;5;86m[HTTP][0m [37m-->[39m [37mPOST[39m [37m/wd/hub/session/1ff30377-1287-4817-8ed4-f12c7add9f4c/elements[39m [90m{"using":"accessibility id","value":"test-Password"}[39m
[38;5;105m[1ff30377][0m[38;5;86m[HTTP][0m [37m<-- POST /wd/hub/session/1ff30377-1287-4817-8ed4-f12c7add9f4c/elements [39m[32m200[39m [90m27 ms - 139[39m [90m[39m
[38;5;105m[1ff30377][0m[38;5;86m[HTTP][0m [37m-->[39m [37mPOST[39m [37m/wd/hub/session/1ff30377-1287-4817-8ed4-f12c7add9f4c/timeouts[39m [90m{"implicit":60000}[39m
[38;5;105m[1ff30377][0m[38;5;86m[HTTP][0m [37m<-- POST /wd/hub/session/1ff30377-1287-4817-8ed4-f12c7add9f4c/timeouts [39m[32m200[39m [90m2 ms - 14[39m [90m[39m
[38;5;105m[1ff30377][0m[38;5;86m[HTTP][0m [37m-->[39m [37mPOST[39m [37m/wd/hub/session/1ff30377-1287-4817-8ed4-f12c7add9f4c/element/00000000-0000-00cd-ffff-ffff0000002e/clear[39m [90m{"id":"00000000-0000-00cd-ffff-ffff0000002e"}[39m
[38;5;105m[1ff30377][0m[38;5;86m[HTTP][0m [37m<-- POST /wd/hub/session/1ff30377-1287-4817-8ed4-f12c7add9f4c/element/00000000-0000-00cd-ffff-ffff0000002e/clear [39m[32m200[39m [90m15 ms - 14[39m [90m[39m
[38;5;105m[1ff30377][0m[38;5;86m[HTTP][0m [37m-->[39m [37mPOST[39m [37m/wd/hub/session/1ff30377-1287-4817-8ed4-f12c7add9f4c/element/00000000-0000-00cd-ffff-ffff0000002e/click[39m [90m{"id":"00000000-0000-00cd-ffff-ffff0000002e"}[39m
[38;5;105m[1ff30377][0m[38;5;86m[HTTP][0m [37m<-- POST /wd/hub/session/1ff30377-1287-4817-8ed4-f12c7add9f4c/element/00000000-0000-00cd-ffff-ffff0000002e/click [39m[32m200[39m [90m1258 ms - 14[39m [90m[39m
[38;5;105m[1ff30377][0m[38;5;86m[HTTP][0m [37m-->[39m [37mPOST[39m [37m/wd/hub/session/1ff30377-1287-4817-8ed4-f12c7add9f4c/element/00000000-0000-00cd-ffff-ffff0000002e/value[39m [90m{"id":"00000000-0000-00cd-ffff-ffff0000002e","value":["s","e","c","r","e","t","_","s","a","u","c","e"],"text":"secret_sauce"}[39m
[38;5;105m[1ff30377][0m[38;5;86m[HTTP][0m [37m<-- POST /wd/hub/session/1ff30377-1287-4817-8ed4-f12c7add9f4c/element/00000000-0000-00cd-ffff-ffff0000002e/value [39m[32m200[39m [90m673 ms - 14[39m [90m[39m
[38;5;105m[1ff30377][0m[38;5;86m[HTTP][0m [37m-->[39m [37mGET[39m [37m/wd/hub/session/1ff30377-1287-4817-8ed4-f12c7add9f4c/timeouts[39m [90m{}[39m
[38;5;105m[1ff30377][0m[38;5;86m[HTTP][0m [37m<-- GET /wd/hub/session/1ff30377-1287-4817-8ed4-f12c7add9f4c/timeouts [39m[32m200[39m [90m1 ms - 46[39m [90m[39m
[38;5;105m[1ff30377][0m[38;5;86m[HTTP][0m [37m-->[39m [37mPOST[39m [37m/wd/hub/session/1ff30377-1287-4817-8ed4-f12c7add9f4c/timeouts[39m [90m{"implicit":0}[39m
[38;5;105m[1ff30377][0m[38;5;86m[HTTP][0m [37m<-- POST /wd/hub/session/1ff30377-1287-4817-8ed4-f12c7add9f4c/timeouts [39m[32m200[39m [90m1 ms - 14[39m [90m[39m
[38;5;105m[1ff30377][0m[38;5;86m[HTTP][0m [37m-->[39m [37mPOST[39m [37m/wd/hub/session/1ff30377-1287-4817-8ed4-f12c7add9f4c/elements[39m [90m{"using":"accessibility id","value":"test-LOGIN"}[39m
[38;5;105m[1ff30377][0m[38;5;86m[HTTP][0m [37m<-- POST /wd/hub/session/1ff30377-1287-4817-8ed4-f12c7add9f4c/elements [39m[32m200[39m [90m601 ms - 139[39m [90m[39m
[38;5;105m[1ff30377][0m[38;5;86m[HTTP][0m [37m-->[39m [37mPOST[39m [37m/wd/hub/session/1ff30377-1287-4817-8ed4-f12c7add9f4c/timeouts[39m [90m{"implicit":60000}[39m
[38;5;105m[1ff30377][0m[38;5;86m[HTTP][0m [37m<-- POST /wd/hub/session/1ff30377-1287-4817-8ed4-f12c7add9f4c/timeouts [39m[32m200[39m [90m1 ms - 14[39m [90m[39m
[38;5;105m[1ff30377][0m[38;5;86m[HTTP][0m [37m-->[39m [37mGET[39m [37m/wd/hub/session/1ff30377-1287-4817-8ed4-f12c7add9f4c/timeouts[39m [90m{}[39m
[38;5;105m[1ff30377][0m[38;5;86m[HTTP][0m [37m<-- GET /wd/hub/session/1ff30377-1287-4817-8ed4-f12c7add9f4c/timeouts [39m[32m200[39m [90m1 ms - 46[39m [90m[39m
[38;5;105m[1ff30377][0m[38;5;86m[HTTP][0m [37m-->[39m [37mPOST[39m [37m/wd/hub/session/1ff30377-1287-4817-8ed4-f12c7add9f4c/timeouts[39m [90m{"implicit":0}[39m
[38;5;105m[1ff30377][0m[38;5;86m[HTTP][0m [37m<-- POST /wd/hub/session/1ff30377-1287-4817-8ed4-f12c7add9f4c/timeouts [39m[32m200[39m [90m1 ms - 14[39m [90m[39m
[38;5;105m[1ff30377][0m[38;5;86m[HTTP][0m [37m-->[39m [37mPOST[39m [37m/wd/hub/session/1ff30377-1287-4817-8ed4-f12c7add9f4c/elements[39m [90m{"using":"accessibility id","value":"test-LOGIN"}[39m
[38;5;105m[1ff30377][0m[38;5;86m[HTTP][0m [37m<-- POST /wd/hub/session/1ff30377-1287-4817-8ed4-f12c7add9f4c/elements [39m[32m200[39m [90m21 ms - 139[39m [90m[39m
[38;5;105m[1ff30377][0m[38;5;86m[HTTP][0m [37m-->[39m [37mPOST[39m [37m/wd/hub/session/1ff30377-1287-4817-8ed4-f12c7add9f4c/timeouts[39m [90m{"implicit":60000}[39m
[38;5;105m[1ff30377][0m[38;5;86m[HTTP][0m [37m<-- POST /wd/hub/session/1ff30377-1287-4817-8ed4-f12c7add9f4c/timeouts [39m[32m200[39m [90m1 ms - 14[39m [90m[39m
[38;5;105m[1ff30377][0m[38;5;86m[HTTP][0m [37m-->[39m [37mPOST[39m [37m/wd/hub/session/1ff30377-1287-4817-8ed4-f12c7add9f4c/element/00000000-0000-00cd-ffff-ffff0000002f/click[39m [90m{"id":"00000000-0000-00cd-ffff-ffff0000002f"}[39m
[38;5;105m[1ff30377][0m[38;5;86m[HTTP][0m [37m<-- POST /wd/hub/session/1ff30377-1287-4817-8ed4-f12c7add9f4c/element/00000000-0000-00cd-ffff-ffff0000002f/click [39m[32m200[39m [90m56 ms - 14[39m [90m[39m
[38;5;105m[1ff30377][0m[38;5;86m[HTTP][0m [37m-->[39m [37mGET[39m [37m/wd/hub/session/1ff30377-1287-4817-8ed4-f12c7add9f4c/timeouts[39m [90m{}[39m
[38;5;105m[1ff30377][0m[38;5;86m[HTTP][0m [37m<-- GET /wd/hub/session/1ff30377-1287-4817-8ed4-f12c7add9f4c/timeouts [39m[32m200[39m [90m1 ms - 46[39m [90m[39m
[38;5;105m[1ff30377][0m[38;5;86m[HTTP][0m [37m-->[39m [37mPOST[39m [37m/wd/hub/session/1ff30377-1287-4817-8ed4-f12c7add9f4c/timeouts[39m [90m{"implicit":0}[39m
[38;5;105m[1ff30377][0m[38;5;86m[HTTP][0m [37m<-- POST /wd/hub/session/1ff30377-1287-4817-8ed4-f12c7add9f4c/timeouts [39m[32m200[39m [90m1 ms - 14[39m [90m[39m
[38;5;105m[1ff30377][0m[38;5;86m[HTTP][0m [37m-->[39m [37mPOST[39m [37m/wd/hub/session/1ff30377-1287-4817-8ed4-f12c7add9f4c/elements[39m [90m{"using":"xpath","value":"//*[@class = 'android.widget.TextView' and (@text = 'Sorry, this user has been locked out.' or . = 'Sorry, this user has been locked out.')]"}[39m
[38;5;105m[1ff30377][0m[38;5;86m[HTTP][0m [37m<-- POST /wd/hub/session/1ff30377-1287-4817-8ed4-f12c7add9f4c/elements [39m[32m200[39m [90m994 ms - 139[39m [90m[39m
[38;5;105m[1ff30377][0m[38;5;86m[HTTP][0m [37m-->[39m [37mPOST[39m [37m/wd/hub/session/1ff30377-1287-4817-8ed4-f12c7add9f4c/timeouts[39m [90m{"implicit":60000}[39m
[38;5;105m[1ff30377][0m[38;5;86m[HTTP][0m [37m<-- POST /wd/hub/session/1ff30377-1287-4817-8ed4-f12c7add9f4c/timeouts [39m[32m200[39m [90m1 ms - 14[39m [90m[39m
[38;5;105m[1ff30377][0m[38;5;86m[HTTP][0m [37m-->[39m [37mGET[39m [37m/wd/hub/session/1ff30377-1287-4817-8ed4-f12c7add9f4c/element/00000000-0000-00cd-ffff-ffff0000003d/text[39m [90m{}[39m
[38;5;105m[1ff30377][0m[38;5;-71m[AndroidUiautomator2Driver@30d1][0m Driver proxy active, passing request on via HTTP proxy
[38;5;105m[1ff30377][0m[38;5;-71m[AndroidUiautomator2Driver@30d1][0m Replacing sessionId eb91e021-bd8a-4a4e-b81e-7a080c30a033 with 1ff30377-1287-4817-8ed4-f12c7add9f4c
[38;5;105m[1ff30377][0m[38;5;86m[HTTP][0m [37m<-- GET /wd/hub/session/1ff30377-1287-4817-8ed4-f12c7add9f4c/element/00000000-0000-00cd-ffff-ffff0000003d/text [39m[32m200[39m [90m17 ms - 100[39m [90m[39m
[38;5;105m[1ff30377][0m[38;5;86m[HTTP][0m [37m-->[39m [37mPOST[39m [37m/wd/hub/session/1ff30377-1287-4817-8ed4-f12c7add9f4c/execute/sync[39m [90m{"script":"mobile: getCurrentPackage","args":[]}[39m
[38;5;105m[1ff30377][0m[38;5;-71m[AndroidUiautomator2Driver@30d1][0m Executing method 'mobile: getCurrentPackage'
[38;5;105m[1ff30377][0m[38;5;86m[HTTP][0m [37m<-- POST /wd/hub/session/1ff30377-1287-4817-8ed4-f12c7add9f4c/execute/sync [39m[32m200[39m [90m42 ms - 33[39m [90m[39m
[38;5;105m[1ff30377][0m[38;5;86m[HTTP][0m [37m-->[39m [37mPOST[39m [37m/wd/hub/session/1ff30377-1287-4817-8ed4-f12c7add9f4c/execute/sync[39m [90m{"script":"mobile: terminateApp","args":[{"appId":"com.swaglabsmobileapp","bundleId":"com.swaglabsmobileapp"}]}[39m
[38;5;105m[1ff30377][0m[38;5;-71m[AndroidUiautomator2Driver@30d1][0m Executing method 'mobile: terminateApp'
[38;5;105m[1ff30377][0m[38;5;-71m[AndroidUiautomator2Driver@30d1][0m Terminating 'com.swaglabsmobileapp'
[38;5;105m[1ff30377][0m[38;5;-71m[AndroidUiautomator2Driver@30d1][0m Querying the state of 'com.swaglabsmobileapp'
[38;5;105m[1ff30377][0m[38;5;-71m[AndroidUiautomator2Driver@30d1][0m 'com.swaglabsmobileapp' has been successfully terminated
[38;5;105m[1ff30377][0m[38;5;86m[HTTP][0m [37m<-- POST /wd/hub/session/1ff30377-1287-4817-8ed4-f12c7add9f4c/execute/sync [39m[32m200[39m [90m340 ms - 14[39m [90m[39m
[38;5;105m[1ff30377][0m[38;5;86m[HTTP][0m [37m-->[39m [37mDELETE[39m [37m/wd/hub/session/1ff30377-1287-4817-8ed4-f12c7add9f4c[39m [90m{}[39m
[38;5;105m[1ff30377][0m[38;5;194m[AppiumDriver@2e21][0m Removing session 1ff30377-1287-4817-8ed4-f12c7add9f4c from our master session list
[38;5;105m[1ff30377][0m[38;5;-71m[AndroidUiautomator2Driver@30d1][0m Restoring hidden api policy to the device default configuration
[38;5;105m[1ff30377][0m[38;5;86m[HTTP][0m [37m<-- DELETE /wd/hub/session/1ff30377-1287-4817-8ed4-f12c7add9f4c [39m[32m200[39m [90m230 ms - 14[39m [90m[39m
